

	*****************************************************
	*                                                   *
	*                                                   *
	*    >>>>>>>>>>>>>> CIT2012 Start <<<<<<<<<<<<<<    *
	*                                                   *
	*                                                   *
	*****************************************************
fileName::conf/OurBallForm.conf
end connect
	team:CIT3D playerID:2 time delay:0 beam:( -0.143 , -0.075 , 0 )

	running......

CITConf::1
------------------------------------
-----------------------------------time:0
------------------------------------
-----------------------------------time:0
------------------------------------
OurBallRightAttackForm2
fileName::conf/OurBallForm.conf
-----------------------------------time:0
------------------------------------
-----------------------------------time:0
------------------------------------
-----------------------------------time:0
------------------------------------
-----------------------------------time:0
------------------------------------
-----------------------------------time:0
------------------------------------
-----------------------------------time:0
------------------------------------
-----------------------------------time:0
------------------------------------
-----------------------------------time:0
------------------------------------
-----------------------------------time:0
------------------------------------
-----------------------------------time:0
------------------------------------
-----------------------------------time:0
------------------------------------
-----------------------------------time:0
------------------------------------
-----------------------------------time:0
------------------------------------
-----------------------------------time:0
------------------------------------
-----------------------------------time:0
------------------------------------
-----------------------------------time:0
------------------------------------
-----------------------------------time:0
------------------------------------
-----------------------------------time:0
------------------------------------
-----------------------------------time:0
------------------------------------
-----------------------------------time:0
------------------------------------
-----------------------------------time:0
------------------------------------
-----------------------------------time:0
------------------------------------
-----------------------------------time:0
------------------------------------
-----------------------------------time:0
------------------------------------
-----------------------------------time:0
------------------------------------
-----------------------------------time:0
------------------------------------
-----------------------------------time:0
------------------------------------
-----------------------------------time:0
------------------------------------
-----------------------------------time:0
------------------------------------
-----------------------------------time:0
------------------------------------
-----------------------------------time:0
------------------------------------
-----------------------------------time:0
------------------------------------
-----------------------------------time:0
------------------------------------
-----------------------------------time:0
------------------------------------
-----------------------------------time:0
------------------------------------
-----------------------------------time:0
------------------------------------
-----------------------------------time:0
------------------------------------
-----------------------------------time:0
------------------------------------
-----------------------------------time:0
------------------------------------
-----------------------------------time:0
------------------------------------
-----------------------------------time:0
------------------------------------
-----------------------------------time:0
------------------------------------
-----------------------------------time:0
------------------------------------
-----------------------------------time:0
------------------------------------
-----------------------------------time:0
------------------------------------
-----------------------------------time:0
------------------------------------
-----------------------------------time:0
------------------------------------
-----------------------------------time:0
------------------------------------
-----------------------------------time:0
------------------------------------
-----------------------------------time:0
------------------------------------
-----------------------------------time:0
------------------------------------
-----------------------------------time:0
------------------------------------
-----------------------------------time:0
------------------------------------
-----------------------------------time:0
------------------------------------
-----------------------------------time:0
------------------------------------
-----------------------------------time:0
------------------------------------
-----------------------------------time:0
------------------------------------
-----------------------------------time:0
------------------------------------
-----------------------------------time:0
------------------------------------
-----------------------------------time:0
------------------------------------
-----------------------------------time:0
------------------------------------
-----------------------------------time:0
------------------------------------
-----------------------------------time:0
------------------------------------
-----------------------------------time:0
------------------------------------
-----------------------------------time:0
------------------------------------
-----------------------------------time:0
------------------------------------
-----------------------------------time:0
------------------------------------
-----------------------------------time:0
------------------------------------
-----------------------------------time:0
------------------------------------
-----------------------------------time:0
------------------------------------
-----------------------------------time:0
------------------------------------
-----------------------------------time:0
------------------------------------
-----------------------------------time:0
------------------------------------
-----------------------------------time:0
------------------------------------
-----------------------------------time:0
------------------------------------
-----------------------------------time:0
------------------------------------
-----------------------------------time:0
------------------------------------
-----------------------------------time:0
------------------------------------
-----------------------------------time:0
------------------------------------
-----------------------------------time:0
------------------------------------
-----------------------------------time:0
------------------------------------
-----------------------------------time:0
------------------------------------
-----------------------------------time:0
------------------------------------
-----------------------------------time:0
------------------------------------
-----------------------------------time:0
------------------------------------
-----------------------------------time:0
------------------------------------
-----------------------------------time:0
------------------------------------
-----------------------------------time:0
------------------------------------
-----------------------------------time:0
------------------------------------
-----------------------------------time:0
------------------------------------
-----------------------------------time:0
------------------------------------
-----------------------------------time:0
------------------------------------
-----------------------------------time:0
------------------------------------
-----------------------------------time:0
------------------------------------
-----------------------------------time:0
------------------------------------
-----------------------------------time:0
------------------------------------
-----------------------------------time:0
------------------------------------
-----------------------------------time:0
------------------------------------
-----------------------------------time:0
------------------------------------
-----------------------------------time:0
------------------------------------
-----------------------------------time:0
------------------------------------
-----------------------------------time:0
------------------------------------
-----------------------------------time:0
------------------------------------
-----------------------------------time:0
------------------------------------
-----------------------------------time:0
------------------------------------
-----------------------------------time:0
------------------------------------
-----------------------------------time:0
------------------------------------
-----------------------------------time:0
------------------------------------
-----------------------------------time:0
------------------------------------
-----------------------------------time:0
------------------------------------
-----------------------------------time:0
------------------------------------
-----------------------------------time:0
------------------------------------
-----------------------------------time:0
------------------------------------
-----------------------------------time:0
------------------------------------
-----------------------------------time:0
------------------------------------
-----------------------------------time:0
------------------------------------
-----------------------------------time:0
------------------------------------
-----------------------------------time:0
------------------------------------
-----------------------------------time:0
------------------------------------
-----------------------------------time:0
------------------------------------
-----------------------------------time:0
------------------------------------
-----------------------------------time:0
------------------------------------
-----------------------------------time:0
------------------------------------
-----------------------------------time:0
------------------------------------
-----------------------------------time:0
------------------------------------
-----------------------------------time:0
------------------------------------
-----------------------------------time:0
------------------------------------
-----------------------------------time:0
------------------------------------
-----------------------------------time:0
------------------------------------
-----------------------------------time:0
------------------------------------
-----------------------------------time:0
------------------------------------
-----------------------------------time:0
------------------------------------
-----------------------------------time:0
------------------------------------
-----------------------------------time:0
------------------------------------
-----------------------------------time:0
------------------------------------
-----------------------------------time:0
------------------------------------
-----------------------------------time:0
------------------------------------
-----------------------------------time:0
------------------------------------
-----------------------------------time:0
------------------------------------
-----------------------------------time:0
------------------------------------
-----------------------------------time:0
------------------------------------
-----------------------------------time:0
------------------------------------
-----------------------------------time:0
------------------------------------
-----------------------------------time:0
------------------------------------
-----------------------------------time:0
------------------------------------
-----------------------------------time:0
------------------------------------
-----------------------------------time:0
------------------------------------
-----------------------------------time:0
------------------------------------
-----------------------------------time:0
------------------------------------
-----------------------------------time:0
------------------------------------
-----------------------------------time:0
------------------------------------
-----------------------------------time:0
------------------------------------
-----------------------------------time:0
------------------------------------
-----------------------------------time:0
------------------------------------
-----------------------------------time:0
------------------------------------
-----------------------------------time:0
------------------------------------
-----------------------------------time:0
------------------------------------
-----------------------------------time:0
------------------------------------
-----------------------------------time:0
------------------------------------
-----------------------------------time:0
------------------------------------
-----------------------------------time:0
------------------------------------
-----------------------------------time:0
------------------------------------
-----------------------------------time:0
------------------------------------
-----------------------------------time:0
------------------------------------
-----------------------------------time:0
------------------------------------
-----------------------------------time:0
------------------------------------
-----------------------------------time:0
------------------------------------
-----------------------------------time:0
------------------------------------
-----------------------------------time:0
------------------------------------
-----------------------------------time:0
------------------------------------
-----------------------------------time:0
------------------------------------
-----------------------------------time:0
------------------------------------
-----------------------------------time:0
------------------------------------
do not fall down
KickOffstart::1
LL-timeCounter::1
-----------------------------------time:0.02
------------------------------------
do not fall down
KickOffstart::1
LL-timeCounter::2
-----------------------------------time:0.04
------------------------------------
do not fall down
KickOffstart::1
LL-timeCounter::3
-----------------------------------time:0.06
------------------------------------
do not fall down
KickOffstart::1
LL-timeCounter::4
-----------------------------------time:0.08
------------------------------------
do not fall down
KickOffstart::1
LL-timeCounter::5
-----------------------------------time:0.1
------------------------------------
do not fall down
KickOffstart::1
LL-timeCounter::6
-----------------------------------time:0.12
------------------------------------
do not fall down
KickOffstart::1
LL-timeCounter::7
-----------------------------------time:0.14
------------------------------------
do not fall down
KickOffstart::1
LL-timeCounter::8
-----------------------------------time:0.16
------------------------------------
do not fall down
KickOffstart::1
LL-timeCounter::9
-----------------------------------time:0.18
------------------------------------
do not fall down
KickOffstart::1
LL-timeCounter::10
-----------------------------------time:0.2
------------------------------------
do not fall down
KickOffstart::1
LL-timeCounter::11
-----------------------------------time:0.22
------------------------------------
do not fall down
KickOffstart::1
LL-timeCounter::12
-----------------------------------time:0.24
------------------------------------
do not fall down
KickOffstart::1
LL-timeCounter::13
-----------------------------------time:0.26
------------------------------------
do not fall down
KickOffstart::1
LL-timeCounter::14
-----------------------------------time:0.28
------------------------------------
do not fall down
KickOffstart::1
LL-timeCounter::15
-----------------------------------time:0.3
------------------------------------
do not fall down
KickOffstart::1
LL-timeCounter::16
-----------------------------------time:0.32
------------------------------------
do not fall down
KickOffstart::1
LL-timeCounter::17
-----------------------------------time:0.34
------------------------------------
do not fall down
KickOffstart::1
LL-timeCounter::18
-----------------------------------time:0.36
------------------------------------
do not fall down
KickOffstart::1
LL-timeCounter::19
-----------------------------------time:0.38
------------------------------------
do not fall down
KickOffstart::1
LL-timeCounter::20
-----------------------------------time:0.4
------------------------------------
do not fall down
KickOffstart::1
LL-timeCounter::21
-----------------------------------time:0.42
------------------------------------
do not fall down
KickOffstart::1
LL-timeCounter::22
-----------------------------------time:0.44
------------------------------------
do not fall down
KickOffstart::1
LL-timeCounter::23
-----------------------------------time:0.46
------------------------------------
do not fall down
KickOffstart::1
LL-timeCounter::24
-----------------------------------time:0.48
------------------------------------
do not fall down
KickOffstart::1
LL-timeCounter::25
-----------------------------------time:0.5
------------------------------------
do not fall down
KickOffstart::1
LL-timeCounter::26
-----------------------------------time:0.52
------------------------------------
do not fall down
KickOffstart::1
LL-timeCounter::27
-----------------------------------time:0.54
------------------------------------
do not fall down
KickOffstart::1
LL-timeCounter::28
-----------------------------------time:0.56
------------------------------------
do not fall down
KickOffstart::1
LL-timeCounter::29
-----------------------------------time:0.58
------------------------------------
do not fall down
KickOffstart::1
LL-timeCounter::30
-----------------------------------time:0.6
------------------------------------
do not fall down
KickOffstart::1
LL-timeCounter::31
-----------------------------------time:0.62
------------------------------------
do not fall down
KickOffstart::1
LL-timeCounter::32
-----------------------------------time:0.64
------------------------------------
do not fall down
KickOffstart::1
LL-timeCounter::33
-----------------------------------time:0.66
------------------------------------
do not fall down
KickOffstart::1
LL-timeCounter::34
-----------------------------------time:0.68
------------------------------------
do not fall down
KickOffstart::1
LL-timeCounter::35
-----------------------------------time:0.7
------------------------------------
do not fall down
KickOffstart::1
LL-timeCounter::36
-----------------------------------time:0.72
------------------------------------
do not fall down
KickOffstart::1
LL-timeCounter::37
-----------------------------------time:0.74
------------------------------------
do not fall down
KickOffstart::1
LL-timeCounter::38
-----------------------------------time:0.76
------------------------------------
do not fall down
KickOffstart::1
LL-timeCounter::39
-----------------------------------time:0.78
------------------------------------
do not fall down
KickOffstart::1
LL-timeCounter::40
-----------------------------------time:0.8
------------------------------------
do not fall down
KickOffstart::1
LL-timeCounter::41
-----------------------------------time:0.82
------------------------------------
do not fall down
KickOffstart::1
LL-timeCounter::42
-----------------------------------time:0.84
------------------------------------
do not fall down
KickOffstart::1
LL-timeCounter::43
-----------------------------------time:0.86
------------------------------------
do not fall down
KickOffstart::1
LL-timeCounter::44
-----------------------------------time:0.88
------------------------------------
do not fall down
KickOffstart::1
LL-timeCounter::45
-----------------------------------time:0.9
------------------------------------
do not fall down
KickOffstart::1
LL-timeCounter::46
-----------------------------------time:0.92
------------------------------------
do not fall down
KickOffstart::1
LL-timeCounter::47
-----------------------------------time:0.94
------------------------------------
do not fall down
KickOffstart::1
LL-timeCounter::48
-----------------------------------time:0.96
------------------------------------
do not fall down
KickOffstart::1
LL-timeCounter::49
-----------------------------------time:0.98
------------------------------------
do not fall down
KickOffstart::1
LL-timeCounter::50
-----------------------------------time:1
------------------------------------
do not fall down
KickOffstart::1
LL-timeCounter::51
-----------------------------------time:1.02
------------------------------------
~~~~~~~~~~~~~~~~~speed:  0.005
~~~~~~~~~~~~~~~~~~~~footLength; -0.00467568
~~~~~~~~~~~~~~~~~~~footWidth;0.00177145
footLenth0
footwidth0
-----------------------------------time:1.04
------------------------------------
~~~~~~~~~~~~~~~~~speed:  0.01
~~~~~~~~~~~~~~~~~~~~footLength; -0.006
~~~~~~~~~~~~~~~~~~~footWidth;0.00625
footLenth-0.006
footwidth0.00625
-----------------------------------time:1.06
------------------------------------
~~~~~~~~~~~~~~~~~speed:  0.015
~~~~~~~~~~~~~~~~~~~~footLength; -0.012
~~~~~~~~~~~~~~~~~~~footWidth;9.31323e-11
footLenth-0.012
footwidth9.31323e-11
-----------------------------------time:1.08
------------------------------------
~~~~~~~~~~~~~~~~~speed:  0.02
~~~~~~~~~~~~~~~~~~~~footLength; -0.018
~~~~~~~~~~~~~~~~~~~footWidth;-0.00625
footLenth-0.018
footwidth-0.00625
-----------------------------------time:1.1
------------------------------------
~~~~~~~~~~~~~~~~~speed:  0.025
~~~~~~~~~~~~~~~~~~~~footLength; -0.024
~~~~~~~~~~~~~~~~~~~footWidth;-9.31323e-11
footLenth-0.024
footwidth-9.31323e-11
-----------------------------------time:1.12
------------------------------------
~~~~~~~~~~~~~~~~~speed:  0.03
~~~~~~~~~~~~~~~~~~~~footLength; -0.03
~~~~~~~~~~~~~~~~~~~footWidth;-0.00625
footLenth-0.03
footwidth-0.00625
-----------------------------------time:1.14
------------------------------------
~~~~~~~~~~~~~~~~~speed:  0.035
~~~~~~~~~~~~~~~~~~~~footLength; -0.0349748
~~~~~~~~~~~~~~~~~~~footWidth;-9.31323e-11
footLenth-0.0349748
footwidth-9.31323e-11
-----------------------------------time:1.16
------------------------------------
~~~~~~~~~~~~~~~~~speed:  0.04
~~~~~~~~~~~~~~~~~~~~footLength; -0.0409748
~~~~~~~~~~~~~~~~~~~footWidth;-0.000831533
footLenth-0.0409748
footwidth-0.000831533
-----------------------------------time:1.18
------------------------------------
~~~~~~~~~~~~~~~~~speed:  0.045
~~~~~~~~~~~~~~~~~~~~footLength; -0.0363828
~~~~~~~~~~~~~~~~~~~footWidth;0.00541847
footLenth-0.0363828
footwidth0.00541847
-----------------------------------time:1.2
------------------------------------
~~~~~~~~~~~~~~~~~speed:  0.04
~~~~~~~~~~~~~~~~~~~~footLength; -0.0363828
~~~~~~~~~~~~~~~~~~~footWidth;0.00541847
footLenth-0.0363828
footwidth0.00541847
-----------------------------------time:1.22
------------------------------------
~~~~~~~~~~~~~~~~~speed:  0.035
~~~~~~~~~~~~~~~~~~~~footLength; -0.0363828
~~~~~~~~~~~~~~~~~~~footWidth;0.00541847
footLenth-0.0363828
footwidth0.00541847
-----------------------------------time:1.24
------------------------------------
~~~~~~~~~~~~~~~~~speed:  0.04
~~~~~~~~~~~~~~~~~~~~footLength; -0.0399929
~~~~~~~~~~~~~~~~~~~footWidth;-0.000831533
footLenth-0.0399929
footwidth-0.000831533
-----------------------------------time:1.26
------------------------------------
~~~~~~~~~~~~~~~~~speed:  0.035
~~~~~~~~~~~~~~~~~~~~footLength; -0.0399929
~~~~~~~~~~~~~~~~~~~footWidth;-0.000831533
footLenth-0.0399929
footwidth-0.000831533
-----------------------------------time:1.28
------------------------------------
~~~~~~~~~~~~~~~~~speed:  0.03
~~~~~~~~~~~~~~~~~~~~footLength; -0.0399929
~~~~~~~~~~~~~~~~~~~footWidth;-0.000831533
footLenth-0.0399929
footwidth-0.000831533
-----------------------------------time:1.3
------------------------------------
~~~~~~~~~~~~~~~~~speed:  0.025
~~~~~~~~~~~~~~~~~~~~footLength; -0.0399929
~~~~~~~~~~~~~~~~~~~footWidth;-0.000831533
footLenth-0.0399929
footwidth-0.000831533
-----------------------------------time:1.32
------------------------------------
~~~~~~~~~~~~~~~~~speed:  0.02
~~~~~~~~~~~~~~~~~~~~footLength; -0.0399929
~~~~~~~~~~~~~~~~~~~footWidth;-0.000831533
footLenth-0.0399929
footwidth-0.000831533
-----------------------------------time:1.34
------------------------------------
~~~~~~~~~~~~~~~~~speed:  0.01
~~~~~~~~~~~~~~~~~~~~footLength; -0.0399929
~~~~~~~~~~~~~~~~~~~footWidth;-0.000831533
footLenth-0.0399929
footwidth-0.000831533
-----------------------------------time:1.36
------------------------------------
~~~~~~~~~~~~~~~~~speed:  0.015
~~~~~~~~~~~~~~~~~~~~footLength; -0.0339929
~~~~~~~~~~~~~~~~~~~footWidth;0.00541847
footLenth-0.0339929
footwidth0.00541847
-----------------------------------time:1.38
------------------------------------
~~~~~~~~~~~~~~~~~speed:  0.02
~~~~~~~~~~~~~~~~~~~~footLength; -0.0279929
~~~~~~~~~~~~~~~~~~~footWidth;0.0116685
footLenth-0.0279929
footwidth0.0116685
-----------------------------------time:1.4
------------------------------------
~~~~~~~~~~~~~~~~~speed:  0.025
~~~~~~~~~~~~~~~~~~~~footLength; -0.0219929
~~~~~~~~~~~~~~~~~~~footWidth;0.0179185
footLenth-0.0219929
footwidth0.0179185
-----------------------------------time:1.42
------------------------------------
~~~~~~~~~~~~~~~~~speed:  0.03
~~~~~~~~~~~~~~~~~~~~footLength; -0.0159929
~~~~~~~~~~~~~~~~~~~footWidth;0.0241685
footLenth-0.0159929
footwidth0.0241685
-----------------------------------time:1.44
------------------------------------
~~~~~~~~~~~~~~~~~speed:  0.035
~~~~~~~~~~~~~~~~~~~~footLength; -0.0182283
~~~~~~~~~~~~~~~~~~~footWidth;0.0304185
footLenth-0.0182283
footwidth0.0304185
-----------------------------------time:1.46
------------------------------------
~~~~~~~~~~~~~~~~~speed:  0.04
~~~~~~~~~~~~~~~~~~~~footLength; -0.02022
~~~~~~~~~~~~~~~~~~~footWidth;0.0366685
footLenth-0.02022
footwidth0.0366685
-----------------------------------time:1.48
------------------------------------
~~~~~~~~~~~~~~~~~speed:  0.045
~~~~~~~~~~~~~~~~~~~~footLength; -0.0245919
~~~~~~~~~~~~~~~~~~~footWidth;0.0376861
footLenth-0.0245919
footwidth0.0376861
-----------------------------------time:1.5
------------------------------------
~~~~~~~~~~~~~~~~~speed:  0.05
~~~~~~~~~~~~~~~~~~~~footLength; -0.0275924
~~~~~~~~~~~~~~~~~~~footWidth;0.0439361
footLenth-0.0275924
footwidth0.0439361
-----------------------------------time:1.52
------------------------------------
~~~~~~~~~~~~~~~~~speed:  0.055
~~~~~~~~~~~~~~~~~~~~footLength; -0.0307187
~~~~~~~~~~~~~~~~~~~footWidth;0.0456219
footLenth-0.0307187
footwidth0.0456219
-----------------------------------time:1.54
------------------------------------
trun to destination for Defense
~~~~~~~~~~~~~~~~~speed:  0.06
~~~~~~~~~~~~~~~~~~~~footLength; -0.0247187
~~~~~~~~~~~~~~~~~~~footWidth;0.0518719
footLenth-0.0247187
footwidth0.0518719
-----------------------------------time:1.56
------------------------------------
trun to destination for Defense
~~~~~~~~~~~~~~~~~speed:  0.065
~~~~~~~~~~~~~~~~~~~~footLength; -0.021459
~~~~~~~~~~~~~~~~~~~footWidth;0.0581219
footLenth-0.021459
footwidth0.0581219
-----------------------------------time:1.58
------------------------------------
trun to destination for Defense
~~~~~~~~~~~~~~~~~speed:  0.07
~~~~~~~~~~~~~~~~~~~~footLength; -0.0224626
~~~~~~~~~~~~~~~~~~~footWidth;0.0643719
footLenth-0.0224626
footwidth0.0643719
-----------------------------------time:1.6
------------------------------------
-----------------------------------time:1.62
------------------------------------
-----------------------------------time:1.64
------------------------------------
-----------------------------------time:1.66
------------------------------------
-----------------------------------time:1.68
------------------------------------
-----------------------------------time:1.7
------------------------------------
-----------------------------------time:1.72
------------------------------------
-----------------------------------time:1.74
------------------------------------
-----------------------------------time:1.76
------------------------------------
-----------------------------------time:1.78
------------------------------------
-----------------------------------time:1.8
------------------------------------
-----------------------------------time:1.82
------------------------------------
-----------------------------------time:1.84
------------------------------------
-----------------------------------time:1.86
------------------------------------
-----------------------------------time:1.88
------------------------------------
-----------------------------------time:1.9
------------------------------------
-----------------------------------time:1.92
------------------------------------
-----------------------------------time:1.94
------------------------------------
-----------------------------------time:1.96
------------------------------------
-----------------------------------time:1.98
------------------------------------
-----------------------------------time:2
------------------------------------
-----------------------------------time:2.02
------------------------------------
-----------------------------------time:2.04
------------------------------------
-----------------------------------time:2.06
------------------------------------
-----------------------------------time:2.08
------------------------------------
-----------------------------------time:2.1
------------------------------------
-----------------------------------time:2.12
------------------------------------
-----------------------------------time:2.14
------------------------------------
-----------------------------------time:2.16
------------------------------------
-----------------------------------time:2.18
------------------------------------
-----------------------------------time:2.2
------------------------------------
-----------------------------------time:2.22
------------------------------------
-----------------------------------time:2.24
------------------------------------
-----------------------------------time:2.26
------------------------------------
-----------------------------------time:2.28
------------------------------------
-----------------------------------time:2.3
------------------------------------
-----------------------------------time:2.32
------------------------------------
-----------------------------------time:2.34
------------------------------------
-----------------------------------time:2.36
------------------------------------
-----------------------------------time:2.38
------------------------------------
-----------------------------------time:2.4
------------------------------------
-----------------------------------time:2.42
------------------------------------
-----------------------------------time:2.44
------------------------------------
-----------------------------------time:2.46
------------------------------------
-----------------------------------time:2.48
------------------------------------
-----------------------------------time:2.5
------------------------------------
-----------------------------------time:2.52
------------------------------------
-----------------------------------time:2.54
------------------------------------
-----------------------------------time:2.56
------------------------------------
-----------------------------------time:2.58
------------------------------------
-----------------------------------time:2.6
------------------------------------
-----------------------------------time:2.62
------------------------------------
-----------------------------------time:2.64
------------------------------------
-----------------------------------time:2.66
------------------------------------
-----------------------------------time:2.68
------------------------------------
-----------------------------------time:2.7
------------------------------------
-----------------------------------time:2.72
------------------------------------
-----------------------------------time:2.74
------------------------------------
-----------------------------------time:2.76
------------------------------------
-----------------------------------time:2.78
------------------------------------
-----------------------------------time:2.8
------------------------------------
-----------------------------------time:2.82
------------------------------------
-----------------------------------time:2.84
------------------------------------
-----------------------------------time:2.86
------------------------------------
-----------------------------------time:2.88
------------------------------------
-----------------------------------time:2.9
------------------------------------
-----------------------------------time:2.92
------------------------------------
-----------------------------------time:2.94
------------------------------------
-----------------------------------time:2.96
------------------------------------
-----------------------------------time:2.98
------------------------------------
-----------------------------------time:3
------------------------------------
-----------------------------------time:3.02
------------------------------------
-----------------------------------time:3.04
------------------------------------
-----------------------------------time:3.06
------------------------------------
-----------------------------------time:3.08
------------------------------------
-----------------------------------time:3.1
------------------------------------
-----------------------------------time:3.12
------------------------------------
-----------------------------------time:3.14
------------------------------------
-----------------------------------time:3.16
------------------------------------
-----------------------------------time:3.18
------------------------------------
-----------------------------------time:3.2
------------------------------------
-----------------------------------time:3.22
------------------------------------
-----------------------------------time:3.24
------------------------------------
-----------------------------------time:3.26
------------------------------------
-----------------------------------time:3.28
------------------------------------
-----------------------------------time:3.3
------------------------------------
-----------------------------------time:3.32
------------------------------------
-----------------------------------time:3.34
------------------------------------
-----------------------------------time:3.36
------------------------------------
-----------------------------------time:3.38
------------------------------------
-----------------------------------time:3.4
------------------------------------
-----------------------------------time:3.42
------------------------------------
-----------------------------------time:3.44
------------------------------------
-----------------------------------time:3.46
------------------------------------
~~~~~~~~~~~~~~~~~speed:  0.075
~~~~~~~~~~~~~~~~~~~~footLength; 0.006
~~~~~~~~~~~~~~~~~~~footWidth;-0.00625
footLenth0
footwidth0
-----------------------------------time:3.48
------------------------------------
~~~~~~~~~~~~~~~~~speed:  0.08
~~~~~~~~~~~~~~~~~~~~footLength; 0.006
~~~~~~~~~~~~~~~~~~~footWidth;-0.00625
footLenth0.006
footwidth-0.00625
-----------------------------------time:3.5
------------------------------------
~~~~~~~~~~~~~~~~~speed:  0.085
~~~~~~~~~~~~~~~~~~~~footLength; 0.012
~~~~~~~~~~~~~~~~~~~footWidth;-0.0125
footLenth0.012
footwidth-0.0125
-----------------------------------time:3.52
------------------------------------
~~~~~~~~~~~~~~~~~speed:  0.09
~~~~~~~~~~~~~~~~~~~~footLength; 0.018
~~~~~~~~~~~~~~~~~~~footWidth;-0.01875
footLenth0.018
footwidth-0.01875
-----------------------------------time:3.54
------------------------------------
~~~~~~~~~~~~~~~~~speed:  0.095
~~~~~~~~~~~~~~~~~~~~footLength; 0.024
~~~~~~~~~~~~~~~~~~~footWidth;-0.025
footLenth0.024
footwidth-0.025
-----------------------------------time:3.56
------------------------------------
~~~~~~~~~~~~~~~~~speed:  0.1
~~~~~~~~~~~~~~~~~~~~footLength; 0.03
~~~~~~~~~~~~~~~~~~~footWidth;-0.03125
footLenth0.03
footwidth-0.03125
-----------------------------------time:3.58
------------------------------------
~~~~~~~~~~~~~~~~~speed:  0.105
~~~~~~~~~~~~~~~~~~~~footLength; 0.036
~~~~~~~~~~~~~~~~~~~footWidth;-0.0375
footLenth0.036
footwidth-0.0375
-----------------------------------time:3.6
------------------------------------
~~~~~~~~~~~~~~~~~speed:  0.11
~~~~~~~~~~~~~~~~~~~~footLength; 0.042
~~~~~~~~~~~~~~~~~~~footWidth;-0.04375
footLenth0.042
footwidth-0.04375
-----------------------------------time:3.62
------------------------------------
~~~~~~~~~~~~~~~~~speed:  0.115
~~~~~~~~~~~~~~~~~~~~footLength; 0.048
~~~~~~~~~~~~~~~~~~~footWidth;-0.05
footLenth0.048
footwidth-0.05
-----------------------------------time:3.64
------------------------------------
~~~~~~~~~~~~~~~~~speed:  0.12
~~~~~~~~~~~~~~~~~~~~footLength; 0.054
~~~~~~~~~~~~~~~~~~~footWidth;-0.05625
footLenth0.054
footwidth-0.05625
-----------------------------------time:3.66
------------------------------------
~~~~~~~~~~~~~~~~~speed:  0.125
~~~~~~~~~~~~~~~~~~~~footLength; 0.06
~~~~~~~~~~~~~~~~~~~footWidth;-0.0580685
footLenth0.06
footwidth-0.0580685
-----------------------------------time:3.68
------------------------------------
~~~~~~~~~~~~~~~~~speed:  0.13
~~~~~~~~~~~~~~~~~~~~footLength; 0.066
~~~~~~~~~~~~~~~~~~~footWidth;-0.0643185
footLenth0.066
footwidth-0.0643185
-----------------------------------time:3.7
------------------------------------
~~~~~~~~~~~~~~~~~speed:  0.135
~~~~~~~~~~~~~~~~~~~~footLength; 0.0662807
~~~~~~~~~~~~~~~~~~~footWidth;-0.0705685
footLenth0.0662807
footwidth-0.0705685
-----------------------------------time:3.72
------------------------------------
~~~~~~~~~~~~~~~~~speed:  0.14
~~~~~~~~~~~~~~~~~~~~footLength; 0.0722807
~~~~~~~~~~~~~~~~~~~footWidth;-0.0768185
footLenth0.0722807
footwidth-0.0768185
-----------------------------------time:3.74
------------------------------------
~~~~~~~~~~~~~~~~~speed:  0.145
~~~~~~~~~~~~~~~~~~~~footLength; 0.0782807
~~~~~~~~~~~~~~~~~~~footWidth;-0.0830685
footLenth0.0782807
footwidth-0.0830685
-----------------------------------time:3.76
------------------------------------
~~~~~~~~~~~~~~~~~speed:  0.15
~~~~~~~~~~~~~~~~~~~~footLength; 0.0842807
~~~~~~~~~~~~~~~~~~~footWidth;-0.0768185
footLenth0.0842807
footwidth-0.0768185
-----------------------------------time:3.78
------------------------------------
~~~~~~~~~~~~~~~~~speed:  0.155
~~~~~~~~~~~~~~~~~~~~footLength; 0.085781
~~~~~~~~~~~~~~~~~~~footWidth;-0.0789282
footLenth0.085781
footwidth-0.0789282
-----------------------------------time:3.8
------------------------------------
~~~~~~~~~~~~~~~~~speed:  0.16
~~~~~~~~~~~~~~~~~~~~footLength; 0.0870904
~~~~~~~~~~~~~~~~~~~footWidth;-0.080825
footLenth0.0870904
footwidth-0.080825
-----------------------------------time:3.82
------------------------------------
~~~~~~~~~~~~~~~~~speed:  0.167
~~~~~~~~~~~~~~~~~~~~footLength; 0.0882269
~~~~~~~~~~~~~~~~~~~footWidth;-0.0825258
footLenth0.0882269
footwidth-0.0825258
-----------------------------------time:3.84
------------------------------------
~~~~~~~~~~~~~~~~~speed:  0.167
~~~~~~~~~~~~~~~~~~~~footLength; 0.0892078
~~~~~~~~~~~~~~~~~~~footWidth;-0.0840471
footLenth0.0892078
footwidth-0.0840471
-----------------------------------time:3.86
------------------------------------
~~~~~~~~~~~~~~~~~speed:  0.167
~~~~~~~~~~~~~~~~~~~~footLength; 0.0900496
~~~~~~~~~~~~~~~~~~~footWidth;-0.085405
footLenth0.0900496
footwidth-0.085405
-----------------------------------time:3.88
------------------------------------
~~~~~~~~~~~~~~~~~speed:  0.162
~~~~~~~~~~~~~~~~~~~~footLength; 0.0854352
~~~~~~~~~~~~~~~~~~~footWidth;-0.0810286
footLenth0.0854352
footwidth-0.0810286
-----------------------------------time:3.9
------------------------------------
~~~~~~~~~~~~~~~~~speed:  0.157
~~~~~~~~~~~~~~~~~~~~footLength; 0.0854352
~~~~~~~~~~~~~~~~~~~footWidth;-0.0810286
footLenth0.0854352
footwidth-0.0810286
-----------------------------------time:3.92
------------------------------------
~~~~~~~~~~~~~~~~~speed:  0.152
~~~~~~~~~~~~~~~~~~~~footLength; 0.0854352
~~~~~~~~~~~~~~~~~~~footWidth;-0.0810286
footLenth0.0854352
footwidth-0.0810286
-----------------------------------time:3.94
------------------------------------
~~~~~~~~~~~~~~~~~speed:  0.157
~~~~~~~~~~~~~~~~~~~~footLength; 0.086647
~~~~~~~~~~~~~~~~~~~footWidth;-0.082708
footLenth0.086647
footwidth-0.082708
-----------------------------------time:3.96
------------------------------------
~~~~~~~~~~~~~~~~~speed:  0.167
~~~~~~~~~~~~~~~~~~~~footLength; 0.0883968
~~~~~~~~~~~~~~~~~~~footWidth;-0.0729505
footLenth0.0883968
footwidth-0.0729505
-----------------------------------time:3.98
------------------------------------
~~~~~~~~~~~~~~~~~speed:  0.167
~~~~~~~~~~~~~~~~~~~~footLength; 0.0899111
~~~~~~~~~~~~~~~~~~~footWidth;-0.0754369
footLenth0.0899111
footwidth-0.0754369
-----------------------------------time:4
------------------------------------
~~~~~~~~~~~~~~~~~speed:  0.167
~~~~~~~~~~~~~~~~~~~~footLength; 0.0912103
~~~~~~~~~~~~~~~~~~~footWidth;-0.0776833
footLenth0.0912103
footwidth-0.0776833
-----------------------------------time:4.02
------------------------------------
~~~~~~~~~~~~~~~~~speed:  0.167
~~~~~~~~~~~~~~~~~~~~footLength; 0.0923148
~~~~~~~~~~~~~~~~~~~footWidth;-0.0797064
footLenth0.0923148
footwidth-0.0797064
-----------------------------------time:4.04
------------------------------------
~~~~~~~~~~~~~~~~~speed:  0.167
~~~~~~~~~~~~~~~~~~~~footLength; 0.0932443
~~~~~~~~~~~~~~~~~~~footWidth;-0.0815233
footLenth0.0932443
footwidth-0.0815233
-----------------------------------time:4.06
------------------------------------
~~~~~~~~~~~~~~~~~speed:  0.167
~~~~~~~~~~~~~~~~~~~~footLength; 0.094762
~~~~~~~~~~~~~~~~~~~footWidth;-0.0718736
footLenth0.094762
footwidth-0.0718736
-----------------------------------time:4.08
------------------------------------
~~~~~~~~~~~~~~~~~speed:  0.167
~~~~~~~~~~~~~~~~~~~~footLength; 0.0967946
~~~~~~~~~~~~~~~~~~~footWidth;-0.0630398
footLenth0.0967946
footwidth-0.0630398
-----------------------------------time:4.1
------------------------------------
~~~~~~~~~~~~~~~~~speed:  0.167
~~~~~~~~~~~~~~~~~~~~footLength; 0.099292
~~~~~~~~~~~~~~~~~~~footWidth;-0.0548547
footLenth0.099292
footwidth-0.0548547
-----------------------------------time:4.12
------------------------------------
~~~~~~~~~~~~~~~~~speed:  0.167
~~~~~~~~~~~~~~~~~~~~footLength; 0.101432
~~~~~~~~~~~~~~~~~~~footWidth;-0.0588644
footLenth0.101432
footwidth-0.0588644
-----------------------------------time:4.14
------------------------------------
~~~~~~~~~~~~~~~~~speed:  0.167
~~~~~~~~~~~~~~~~~~~~footLength; 0.103234
~~~~~~~~~~~~~~~~~~~footWidth;-0.0625705
footLenth0.103234
footwidth-0.0625705
-----------------------------------time:4.16
------------------------------------
~~~~~~~~~~~~~~~~~speed:  0.167
~~~~~~~~~~~~~~~~~~~~footLength; 0.104724
~~~~~~~~~~~~~~~~~~~footWidth;-0.0659788
footLenth0.104724
footwidth-0.0659788
-----------------------------------time:4.18
------------------------------------
~~~~~~~~~~~~~~~~~speed:  0.167
~~~~~~~~~~~~~~~~~~~~footLength; 0.105925
~~~~~~~~~~~~~~~~~~~footWidth;-0.0690986
footLenth0.105925
footwidth-0.0690986
-----------------------------------time:4.2
------------------------------------
~~~~~~~~~~~~~~~~~speed:  0.167
~~~~~~~~~~~~~~~~~~~~footLength; 0.107344
~~~~~~~~~~~~~~~~~~~footWidth;-0.0654262
footLenth0.107344
footwidth-0.0654262
-----------------------------------time:4.22
------------------------------------
~~~~~~~~~~~~~~~~~speed:  0.167
~~~~~~~~~~~~~~~~~~~~footLength; 0.108904
~~~~~~~~~~~~~~~~~~~footWidth;-0.0627286
footLenth0.108904
footwidth-0.0627286
-----------------------------------time:4.24
------------------------------------
~~~~~~~~~~~~~~~~~speed:  0.167
~~~~~~~~~~~~~~~~~~~~footLength; 0.110488
~~~~~~~~~~~~~~~~~~~footWidth;-0.0615955
footLenth0.110488
footwidth-0.0615955
-----------------------------------time:4.26
------------------------------------
~~~~~~~~~~~~~~~~~speed:  0.167
~~~~~~~~~~~~~~~~~~~~footLength; 0.111746
~~~~~~~~~~~~~~~~~~~footWidth;-0.0650837
footLenth0.111746
footwidth-0.0650837
-----------------------------------time:4.28
------------------------------------
~~~~~~~~~~~~~~~~~speed:  0.167
~~~~~~~~~~~~~~~~~~~~footLength; 0.113119
~~~~~~~~~~~~~~~~~~~footWidth;-0.062919
footLenth0.113119
footwidth-0.062919
-----------------------------------time:4.3
------------------------------------
~~~~~~~~~~~~~~~~~speed:  0.167
~~~~~~~~~~~~~~~~~~~~footLength; 0.114176
~~~~~~~~~~~~~~~~~~~footWidth;-0.0662984
footLenth0.114176
footwidth-0.0662984
-----------------------------------time:4.32
------------------------------------
~~~~~~~~~~~~~~~~~speed:  0.167
~~~~~~~~~~~~~~~~~~~~footLength; 0.115846
~~~~~~~~~~~~~~~~~~~footWidth;-0.0578849
footLenth0.115846
footwidth-0.0578849
-----------------------------------time:4.34
------------------------------------
~~~~~~~~~~~~~~~~~speed:  0.167
~~~~~~~~~~~~~~~~~~~~footLength; 0.117157
~~~~~~~~~~~~~~~~~~~footWidth;-0.0616669
footLenth0.117157
footwidth-0.0616669
-----------------------------------time:4.36
------------------------------------
~~~~~~~~~~~~~~~~~speed:  0.167
~~~~~~~~~~~~~~~~~~~~footLength; 0.118138
~~~~~~~~~~~~~~~~~~~footWidth;-0.0651493
footLenth0.118138
footwidth-0.0651493
-----------------------------------time:4.38
------------------------------------
~~~~~~~~~~~~~~~~~speed:  0.167
~~~~~~~~~~~~~~~~~~~~footLength; 0.119751
~~~~~~~~~~~~~~~~~~~footWidth;-0.0568178
footLenth0.119751
footwidth-0.0568178
-----------------------------------time:4.4
------------------------------------
~~~~~~~~~~~~~~~~~speed:  0.167
~~~~~~~~~~~~~~~~~~~~footLength; 0.120993
~~~~~~~~~~~~~~~~~~~footWidth;-0.0606813
footLenth0.120993
footwidth-0.0606813
-----------------------------------time:4.42
------------------------------------
~~~~~~~~~~~~~~~~~speed:  0.167
~~~~~~~~~~~~~~~~~~~~footLength; 0.122845
~~~~~~~~~~~~~~~~~~~footWidth;-0.0526536
footLenth0.122845
footwidth-0.0526536
-----------------------------------time:4.44
------------------------------------
~~~~~~~~~~~~~~~~~speed:  0.167
~~~~~~~~~~~~~~~~~~~~footLength; 0.125258
~~~~~~~~~~~~~~~~~~~footWidth;-0.0451117
footLenth0.125258
footwidth-0.0451117
-----------------------------------time:4.46
------------------------------------
~~~~~~~~~~~~~~~~~speed:  0.167
~~~~~~~~~~~~~~~~~~~~footLength; 0.128198
~~~~~~~~~~~~~~~~~~~footWidth;-0.0379555
footLenth0.128198
footwidth-0.0379555
-----------------------------------time:4.48
------------------------------------
~~~~~~~~~~~~~~~~~speed:  0.167
~~~~~~~~~~~~~~~~~~~~footLength; 0.131645
~~~~~~~~~~~~~~~~~~~footWidth;-0.0311024
footLenth0.131645
footwidth-0.0311024
-----------------------------------time:4.5
------------------------------------
~~~~~~~~~~~~~~~~~speed:  0.167
~~~~~~~~~~~~~~~~~~~~footLength; 0.135592
~~~~~~~~~~~~~~~~~~~footWidth;-0.0244818
footLenth0.135592
footwidth-0.0244818
-----------------------------------time:4.52
------------------------------------
~~~~~~~~~~~~~~~~~speed:  0.167
~~~~~~~~~~~~~~~~~~~~footLength; 0.140043
~~~~~~~~~~~~~~~~~~~footWidth;-0.0180324
footLenth0.140043
footwidth-0.0180324
-----------------------------------time:4.54
------------------------------------
~~~~~~~~~~~~~~~~~speed:  0.167
~~~~~~~~~~~~~~~~~~~~footLength; 0.145011
~~~~~~~~~~~~~~~~~~~footWidth;-0.0116991
footLenth0.145011
footwidth-0.0116991
-----------------------------------time:4.56
------------------------------------
~~~~~~~~~~~~~~~~~speed:  0.167
~~~~~~~~~~~~~~~~~~~~footLength; 0.149385
~~~~~~~~~~~~~~~~~~~footWidth;-0.0177558
footLenth0.149385
footwidth-0.0177558
-----------------------------------time:4.58
------------------------------------
~~~~~~~~~~~~~~~~~speed:  0.167
~~~~~~~~~~~~~~~~~~~~footLength; 0.153146
~~~~~~~~~~~~~~~~~~~footWidth;-0.02366
footLenth0.153146
footwidth-0.02366
-----------------------------------time:4.6
------------------------------------
~~~~~~~~~~~~~~~~~speed:  0.167
~~~~~~~~~~~~~~~~~~~~footLength; 0.15629
~~~~~~~~~~~~~~~~~~~footWidth;-0.0293732
footLenth0.15629
footwidth-0.0293732
-----------------------------------time:4.62
------------------------------------
~~~~~~~~~~~~~~~~~speed:  0.167
~~~~~~~~~~~~~~~~~~~~footLength; 0.158822
~~~~~~~~~~~~~~~~~~~footWidth;0
footLenth0.158822
footwidth0
-----------------------------------time:4.64
------------------------------------
~~~~~~~~~~~~~~~~~speed:  0.167
~~~~~~~~~~~~~~~~~~~~footLength; 0.164204
~~~~~~~~~~~~~~~~~~~footWidth;0
footLenth0.164204
footwidth0
-----------------------------------time:4.66
------------------------------------
~~~~~~~~~~~~~~~~~speed:  0.167
~~~~~~~~~~~~~~~~~~~~footLength; 0.15761
~~~~~~~~~~~~~~~~~~~footWidth;-0.00622656
footLenth0.15761
footwidth-0.00622656
-----------------------------------time:4.68
------------------------------------
~~~~~~~~~~~~~~~~~speed:  0.167
~~~~~~~~~~~~~~~~~~~~footLength; 0.160412
~~~~~~~~~~~~~~~~~~~footWidth;0
footLenth0.160412
footwidth0
-----------------------------------time:4.7
------------------------------------
~~~~~~~~~~~~~~~~~speed:  0.167
~~~~~~~~~~~~~~~~~~~~footLength; 0.165788
~~~~~~~~~~~~~~~~~~~footWidth;0
footLenth0.165788
footwidth0
-----------------------------------time:4.72
------------------------------------
~~~~~~~~~~~~~~~~~speed:  0.167
~~~~~~~~~~~~~~~~~~~~footLength; 0.159189
~~~~~~~~~~~~~~~~~~~footWidth;0
footLenth0.159189
footwidth0
-----------------------------------time:4.74
------------------------------------
~~~~~~~~~~~~~~~~~speed:  0.167
~~~~~~~~~~~~~~~~~~~~footLength; 0.164569
~~~~~~~~~~~~~~~~~~~footWidth;0
footLenth0.164569
footwidth0
-----------------------------------time:4.76
------------------------------------
~~~~~~~~~~~~~~~~~speed:  0.167
~~~~~~~~~~~~~~~~~~~~footLength; 0.166998
~~~~~~~~~~~~~~~~~~~footWidth;0
footLenth0.166998
footwidth0
-----------------------------------time:4.78
------------------------------------
~~~~~~~~~~~~~~~~~speed:  0.167
~~~~~~~~~~~~~~~~~~~~footLength; 0.164241
~~~~~~~~~~~~~~~~~~~footWidth;0
footLenth0.164241
footwidth0
-----------------------------------time:4.8
------------------------------------
~~~~~~~~~~~~~~~~~speed:  0.167
~~~~~~~~~~~~~~~~~~~~footLength; 0.164679
~~~~~~~~~~~~~~~~~~~footWidth;0
footLenth0.164679
footwidth0
-----------------------------------time:4.82
------------------------------------
~~~~~~~~~~~~~~~~~speed:  0.167
~~~~~~~~~~~~~~~~~~~~footLength; 0.165711
~~~~~~~~~~~~~~~~~~~footWidth;0
footLenth0.165711
footwidth0
-----------------------------------time:4.84
------------------------------------
~~~~~~~~~~~~~~~~~speed:  0.162
~~~~~~~~~~~~~~~~~~~~footLength; 0.165711
~~~~~~~~~~~~~~~~~~~footWidth;0
footLenth0.165711
footwidth0
-----------------------------------time:4.86
------------------------------------
~~~~~~~~~~~~~~~~~speed:  0.157
~~~~~~~~~~~~~~~~~~~~footLength; 0.165711
~~~~~~~~~~~~~~~~~~~footWidth;0
footLenth0.165711
footwidth0
-----------------------------------time:4.88
------------------------------------
~~~~~~~~~~~~~~~~~speed:  0.152
~~~~~~~~~~~~~~~~~~~~footLength; 0.165711
~~~~~~~~~~~~~~~~~~~footWidth;0
footLenth0.165711
footwidth0
-----------------------------------time:4.9
------------------------------------
-----------------------------------time:4.92
------------------------------------
-----------------------------------time:4.94
------------------------------------
-----------------------------------time:4.96
------------------------------------
-----------------------------------time:4.98
------------------------------------
-----------------------------------time:5
------------------------------------
-----------------------------------time:5.02
------------------------------------
-----------------------------------time:5.04
------------------------------------
-----------------------------------time:5.06
------------------------------------
-----------------------------------time:5.08
------------------------------------
-----------------------------------time:5.1
------------------------------------
-----------------------------------time:5.12
------------------------------------
-----------------------------------time:5.14
------------------------------------
-----------------------------------time:5.16
------------------------------------
-----------------------------------time:5.18
------------------------------------
-----------------------------------time:5.2
------------------------------------
-----------------------------------time:5.22
------------------------------------
-----------------------------------time:5.24
------------------------------------
-----------------------------------time:5.26
------------------------------------
-----------------------------------time:5.28
------------------------------------
-----------------------------------time:5.3
------------------------------------
-----------------------------------time:5.32
------------------------------------
-----------------------------------time:5.34
------------------------------------
-----------------------------------time:5.36
------------------------------------
-----------------------------------time:5.38
------------------------------------
-----------------------------------time:5.4
------------------------------------
-----------------------------------time:5.42
------------------------------------
-----------------------------------time:5.44
------------------------------------
-----------------------------------time:5.46
------------------------------------
-----------------------------------time:5.48
------------------------------------
-----------------------------------time:5.5
------------------------------------
-----------------------------------time:5.52
------------------------------------
-----------------------------------time:5.54
------------------------------------
-----------------------------------time:5.56
------------------------------------
-----------------------------------time:5.58
------------------------------------
-----------------------------------time:5.6
------------------------------------
-----------------------------------time:5.62
------------------------------------
-----------------------------------time:5.64
------------------------------------
-----------------------------------time:5.66
------------------------------------
-----------------------------------time:5.68
------------------------------------
-----------------------------------time:5.7
------------------------------------
-----------------------------------time:5.72
------------------------------------
-----------------------------------time:5.74
------------------------------------
-----------------------------------time:5.76
------------------------------------
-----------------------------------time:5.78
------------------------------------
-----------------------------------time:5.8
------------------------------------
-----------------------------------time:5.82
------------------------------------
-----------------------------------time:5.84
------------------------------------
-----------------------------------time:5.86
------------------------------------
-----------------------------------time:5.88
------------------------------------
-----------------------------------time:5.9
------------------------------------
-----------------------------------time:5.92
------------------------------------
-----------------------------------time:5.94
------------------------------------
-----------------------------------time:5.96
------------------------------------
-----------------------------------time:5.98
------------------------------------
-----------------------------------time:6
------------------------------------
-----------------------------------time:6.02
------------------------------------
-----------------------------------time:6.04
------------------------------------
-----------------------------------time:6.06
------------------------------------
-----------------------------------time:6.08
------------------------------------
-----------------------------------time:6.1
------------------------------------
-----------------------------------time:6.12
------------------------------------
-----------------------------------time:6.14
------------------------------------
-----------------------------------time:6.16
------------------------------------
-----------------------------------time:6.18
------------------------------------
-----------------------------------time:6.2
------------------------------------
-----------------------------------time:6.22
------------------------------------
-----------------------------------time:6.24
------------------------------------
-----------------------------------time:6.26
------------------------------------
-----------------------------------time:6.28
------------------------------------
-----------------------------------time:6.3
------------------------------------
-----------------------------------time:6.32
------------------------------------
-----------------------------------time:6.34
------------------------------------
-----------------------------------time:6.36
------------------------------------
-----------------------------------time:6.38
------------------------------------
-----------------------------------time:6.4
------------------------------------
-----------------------------------time:6.42
------------------------------------
-----------------------------------time:6.44
------------------------------------
-----------------------------------time:6.46
------------------------------------
-----------------------------------time:6.48
------------------------------------
-----------------------------------time:6.5
------------------------------------
-----------------------------------time:6.52
------------------------------------
-----------------------------------time:6.54
------------------------------------
-----------------------------------time:6.56
------------------------------------
-----------------------------------time:6.58
------------------------------------
-----------------------------------time:6.6
------------------------------------
-----------------------------------time:6.62
------------------------------------
-----------------------------------time:6.64
------------------------------------
-----------------------------------time:6.66
------------------------------------
-----------------------------------time:6.68
------------------------------------
-----------------------------------time:6.7
