Strive3D(2013) Logger file.
This logger system is created by Zheng Yonglei of Strive3D team on the basis of Mersad team's released source code.
This file is created in Fri Oct 18 13:58:20 2013
  0:001:111. ModuleSelector::init(): create default solution "Strive3D--Behavior-Control" of module "BehaviorControl".
  0:001:126. ModuleSelector::init(): create default solution "Strive3D-Head-Control" of module "HeadControl".
  0:001:132. ModuleSelector::init(): could not create default solution "Strive3D-Head-Control" of module "HeadControl".
  0:001:150. ModuleSelector::init(): create default solution "Strive3D-Walking-Engine" of module "WalkingEngine".
  0:001:156. ModuleSelector::init(): create default solution "please edit SolutionRequest::getModuleSolutionName" of module "SpeciaAction".
  0:001:161. ModuleSelector::init(): could not create default solution "please edit SolutionRequest::getModuleSolutionName" of module "SpeciaAction".
  0:001:166. ModuleSelector::init(): create default solution "Strive3D-GetUp-Engine" of module "GetupEngine".
  0:001:171. ModuleSelector::init(): create default solution "Strive3D-Kick-Engine" of module "KickEngine".
  0:001:176. ModuleSelector::init(): could not create default solution "Strive3D-Kick-Engine" of module "KickEngine".
  0:001:180. ModuleSelector::init(): create default solution "Strive3D-Action-Control" of module "ActionControl".
  0:001:835. TotalMass : 4.607
  0:001:879. TMC : -0.000 0.075 1.415
  0:001:892. CoM : -0.000 0.016 0.307
  0:001:900. NAO_A: 0.120
  0:001:905. NAO_B: 0.100
  0:001:910. NAO_Dl: -0.055 -0.010 -0.115
  0:001:916. NAO_Dr: 0.055 -0.010 -0.115
  0:001:922. NAO_E: -0.000 -0.030 0.030
  0:001:939. head Matrix: 
  0:001:944. 1.000 0.000 0.000
  0:001:950. 0.000 1.000 0.000
  0:001:955. 0.000 0.000 1.000
  0:001:962. 0.000 0.000 0.540
  0:001:968. body Matrix: 
  0:001:972. 1.000 0.000 0.000
  0:001:977. 0.000 1.000 0.000
  0:001:982. 0.000 0.000 1.000
  0:001:988. 0.000 0.000 0.385
  0:001:997. Camera Matrix: 
  0:002:001. 1.000 0.000 0.000
  0:002:006. 0.000 1.000 0.000
  0:002:012. 0.000 0.000 1.000
  0:002:017. 0.000 0.000 0.155
  0:002:025. Body Matrix for camera: 
  0:002:029. 1.000 0.000 0.000
  0:002:034. 0.000 1.000 0.000
  0:002:040. 0.000 0.000 1.000
  0:002:046. 0.000 0.000 0.000
