This file contains any messages produced by compilers while
running configure, to aid debugging if configure makes a mistake.

It was created by configure, which was
generated by GNU Autoconf 2.65.  Invocation command line was

  $ ./configure 

## --------- ##
## Platform. ##
## --------- ##

hostname = ubuntu
uname -m = i686
uname -r = 2.6.35-32-generic
uname -s = Linux
uname -v = #68-Ubuntu SMP Tue Mar 27 17:01:54 UTC 2012

/usr/bin/uname -p = unknown
/bin/uname -X     = unknown

/bin/arch              = unknown
/usr/bin/arch -k       = unknown
/usr/convex/getsysinfo = unknown
/usr/bin/hostinfo      = unknown
/bin/machine           = unknown
/usr/bin/oslevel       = unknown
/bin/universe          = unknown

PATH: /usr/local/sbin
PATH: /usr/local/bin
PATH: /usr/sbin
PATH: /usr/bin
PATH: /sbin
PATH: /bin
PATH: /usr/games


## ----------- ##
## Core tests. ##
## ----------- ##

configure:2086: checking for a BSD-compatible install
configure:2154: result: /usr/bin/install -c
configure:2165: checking whether build environment is sane
configure:2215: result: yes
configure:2356: checking for a thread-safe mkdir -p
configure:2395: result: /bin/mkdir -p
configure:2408: checking for gawk
configure:2424: found /usr/bin/gawk
configure:2435: result: gawk
configure:2446: checking whether make sets $(MAKE)
configure:2468: result: yes
configure:2610: checking for g++
configure:2626: found /usr/bin/g++
configure:2637: result: g++
configure:2664: checking for C++ compiler version
configure:2673: g++ --version >&5
g++ (Ubuntu/Linaro 4.4.4-14ubuntu5.1) 4.4.5
Copyright (C) 2010 Free Software Foundation, Inc.
This is free software; see the source for copying conditions.  There is NO
warranty; not even for MERCHANTABILITY or FITNESS FOR A PARTICULAR PURPOSE.

configure:2684: $? = 0
configure:2673: g++ -v >&5
Using built-in specs.
Target: i686-linux-gnu
Configured with: ../src/configure -v --with-pkgversion='Ubuntu/Linaro 4.4.4-14ubuntu5.1' --with-bugurl=file:///usr/share/doc/gcc-4.4/README.Bugs --enable-languages=c,c++,fortran,objc,obj-c++ --prefix=/usr --program-suffix=-4.4 --enable-shared --enable-multiarch --enable-linker-build-id --with-system-zlib --libexecdir=/usr/lib --without-included-gettext --enable-threads=posix --with-gxx-include-dir=/usr/include/c++/4.4 --libdir=/usr/lib --enable-nls --with-sysroot=/ --enable-clocale=gnu --enable-libstdcxx-debug --enable-objc-gc --enable-targets=all --disable-werror --with-arch-32=i686 --with-tune=generic --enable-checking=release --build=i686-linux-gnu --host=i686-linux-gnu --target=i686-linux-gnu
Thread model: posix
gcc version 4.4.5 (Ubuntu/Linaro 4.4.4-14ubuntu5.1) 
configure:2684: $? = 0
configure:2673: g++ -V >&5
g++: '-V' option must have argument
configure:2684: $? = 1
configure:2673: g++ -qversion >&5
g++: unrecognized option '-qversion'
g++: no input files
configure:2684: $? = 1
configure:2704: checking whether the C++ compiler works
configure:2726: g++    conftest.cpp  >&5
configure:2730: $? = 0
configure:2779: result: yes
configure:2782: checking for C++ compiler default output file name
configure:2784: result: a.out
configure:2790: checking for suffix of executables
configure:2797: g++ -o conftest    conftest.cpp  >&5
configure:2801: $? = 0
configure:2823: result: 
configure:2845: checking whether we are cross compiling
configure:2853: g++ -o conftest    conftest.cpp  >&5
configure:2857: $? = 0
configure:2864: ./conftest
configure:2868: $? = 0
configure:2883: result: no
configure:2888: checking for suffix of object files
configure:2910: g++ -c   conftest.cpp >&5
configure:2914: $? = 0
configure:2935: result: o
configure:2939: checking whether we are using the GNU C++ compiler
configure:2958: g++ -c   conftest.cpp >&5
configure:2958: $? = 0
configure:2967: result: yes
configure:2976: checking whether g++ accepts -g
configure:2996: g++ -c -g  conftest.cpp >&5
configure:2996: $? = 0
configure:3037: result: yes
configure:3071: checking for style of include used by make
configure:3099: result: none
configure:3124: checking dependency style of g++
configure:3234: result: none
configure:3301: checking for pkg-config
configure:3319: found /usr/bin/pkg-config
configure:3331: result: /usr/bin/pkg-config
configure:3356: checking pkg-config is at least version 0.9.0
configure:3359: result: yes
configure:3370: checking for DEPS
configure:3378: $PKG_CONFIG --exists --print-errors "libxml-2.0"
configure:3381: $? = 0
configure:3396: $PKG_CONFIG --exists --print-errors "libxml-2.0"
configure:3399: $? = 0
configure:3454: result: yes
configure:3506: checking for gcc
configure:3522: found /usr/bin/gcc
configure:3533: result: gcc
configure:3762: checking for C compiler version
configure:3771: gcc --version >&5
gcc (Ubuntu/Linaro 4.4.4-14ubuntu5.1) 4.4.5
Copyright (C) 2010 Free Software Foundation, Inc.
This is free software; see the source for copying conditions.  There is NO
warranty; not even for MERCHANTABILITY or FITNESS FOR A PARTICULAR PURPOSE.

configure:3782: $? = 0
configure:3771: gcc -v >&5
Using built-in specs.
Target: i686-linux-gnu
Configured with: ../src/configure -v --with-pkgversion='Ubuntu/Linaro 4.4.4-14ubuntu5.1' --with-bugurl=file:///usr/share/doc/gcc-4.4/README.Bugs --enable-languages=c,c++,fortran,objc,obj-c++ --prefix=/usr --program-suffix=-4.4 --enable-shared --enable-multiarch --enable-linker-build-id --with-system-zlib --libexecdir=/usr/lib --without-included-gettext --enable-threads=posix --with-gxx-include-dir=/usr/include/c++/4.4 --libdir=/usr/lib --enable-nls --with-sysroot=/ --enable-clocale=gnu --enable-libstdcxx-debug --enable-objc-gc --enable-targets=all --disable-werror --with-arch-32=i686 --with-tune=generic --enable-checking=release --build=i686-linux-gnu --host=i686-linux-gnu --target=i686-linux-gnu
Thread model: posix
gcc version 4.4.5 (Ubuntu/Linaro 4.4.4-14ubuntu5.1) 
configure:3782: $? = 0
configure:3771: gcc -V >&5
gcc: '-V' option must have argument
configure:3782: $? = 1
configure:3771: gcc -qversion >&5
gcc: unrecognized option '-qversion'
gcc: no input files
configure:3782: $? = 1
configure:3786: checking whether we are using the GNU C compiler
configure:3805: gcc -c   conftest.c >&5
configure:3805: $? = 0
configure:3814: result: yes
configure:3823: checking whether gcc accepts -g
configure:3843: gcc -c -g  conftest.c >&5
configure:3843: $? = 0
configure:3884: result: yes
configure:3901: checking for gcc option to accept ISO C89
configure:3965: gcc  -c -g -O2  conftest.c >&5
configure:3965: $? = 0
configure:3978: result: none needed
configure:4000: checking dependency style of gcc
configure:4110: result: none
configure:4131: checking how to run the C preprocessor
configure:4162: gcc -E  conftest.c
configure:4162: $? = 0
configure:4176: gcc -E  conftest.c
conftest.c:11: fatal error: ac_nonexistent.h: No such file or directory
compilation terminated.
configure:4176: $? = 1
configure: failed program was:
| /* confdefs.h */
| #define PACKAGE_NAME ""
| #define PACKAGE_TARNAME ""
| #define PACKAGE_VERSION ""
| #define PACKAGE_STRING ""
| #define PACKAGE_BUGREPORT ""
| #define PACKAGE_URL ""
| #define PACKAGE "littlegreenbats"
| #define VERSION "2007.1.0"
| /* end confdefs.h.  */
| #include <ac_nonexistent.h>
configure:4201: result: gcc -E
configure:4221: gcc -E  conftest.c
configure:4221: $? = 0
configure:4235: gcc -E  conftest.c
conftest.c:11: fatal error: ac_nonexistent.h: No such file or directory
compilation terminated.
configure:4235: $? = 1
configure: failed program was:
| /* confdefs.h */
| #define PACKAGE_NAME ""
| #define PACKAGE_TARNAME ""
| #define PACKAGE_VERSION ""
| #define PACKAGE_STRING ""
| #define PACKAGE_BUGREPORT ""
| #define PACKAGE_URL ""
| #define PACKAGE "littlegreenbats"
| #define VERSION "2007.1.0"
| /* end confdefs.h.  */
| #include <ac_nonexistent.h>
configure:4264: checking for grep that handles long lines and -e
configure:4322: result: /bin/grep
configure:4327: checking for egrep
configure:4389: result: /bin/grep -E
configure:4394: checking for ANSI C header files
configure:4414: gcc -c -g -O2  conftest.c >&5
configure:4414: $? = 0
configure:4487: gcc -o conftest -g -O2   conftest.c  >&5
configure:4487: $? = 0
configure:4487: ./conftest
configure:4487: $? = 0
configure:4498: result: yes
configure:4511: checking for sys/types.h
configure:4511: gcc -c -g -O2  conftest.c >&5
configure:4511: $? = 0
configure:4511: result: yes
configure:4511: checking for sys/stat.h
configure:4511: gcc -c -g -O2  conftest.c >&5
configure:4511: $? = 0
configure:4511: result: yes
configure:4511: checking for stdlib.h
configure:4511: gcc -c -g -O2  conftest.c >&5
configure:4511: $? = 0
configure:4511: result: yes
configure:4511: checking for string.h
configure:4511: gcc -c -g -O2  conftest.c >&5
configure:4511: $? = 0
configure:4511: result: yes
configure:4511: checking for memory.h
configure:4511: gcc -c -g -O2  conftest.c >&5
configure:4511: $? = 0
configure:4511: result: yes
configure:4511: checking for strings.h
configure:4511: gcc -c -g -O2  conftest.c >&5
configure:4511: $? = 0
configure:4511: result: yes
configure:4511: checking for inttypes.h
configure:4511: gcc -c -g -O2  conftest.c >&5
configure:4511: $? = 0
configure:4511: result: yes
configure:4511: checking for stdint.h
configure:4511: gcc -c -g -O2  conftest.c >&5
configure:4511: $? = 0
configure:4511: result: yes
configure:4511: checking for unistd.h
configure:4511: gcc -c -g -O2  conftest.c >&5
configure:4511: $? = 0
configure:4511: result: yes
configure:4524: checking sys/select.h usability
configure:4524: gcc -c -g -O2  conftest.c >&5
configure:4524: $? = 0
configure:4524: result: yes
configure:4524: checking sys/select.h presence
configure:4524: gcc -E  conftest.c
configure:4524: $? = 0
configure:4524: result: yes
configure:4524: checking for sys/select.h
configure:4524: result: yes
configure:4695: creating ./config.status

## ---------------------- ##
## Running config.status. ##
## ---------------------- ##

This file was extended by config.status, which was
generated by GNU Autoconf 2.65.  Invocation command line was

  CONFIG_FILES    = 
  CONFIG_HEADERS  = 
  CONFIG_LINKS    = 
  CONFIG_COMMANDS = 
  $ ./config.status 

on ubuntu

config.status:784: creating Makefile
config.status:947: executing depfiles commands

## ---------------- ##
## Cache variables. ##
## ---------------- ##

ac_cv_c_compiler_gnu=yes
ac_cv_cxx_compiler_gnu=yes
ac_cv_env_CCC_set=
ac_cv_env_CCC_value=
ac_cv_env_CC_set=
ac_cv_env_CC_value=
ac_cv_env_CFLAGS_set=
ac_cv_env_CFLAGS_value=
ac_cv_env_CPPFLAGS_set=
ac_cv_env_CPPFLAGS_value=
ac_cv_env_CPP_set=
ac_cv_env_CPP_value=
ac_cv_env_CXXFLAGS_set=
ac_cv_env_CXXFLAGS_value=
ac_cv_env_CXX_set=
ac_cv_env_CXX_value=
ac_cv_env_DEPS_CFLAGS_set=
ac_cv_env_DEPS_CFLAGS_value=
ac_cv_env_DEPS_LIBS_set=
ac_cv_env_DEPS_LIBS_value=
ac_cv_env_LDFLAGS_set=
ac_cv_env_LDFLAGS_value=
ac_cv_env_LIBS_set=
ac_cv_env_LIBS_value=
ac_cv_env_PKG_CONFIG_set=
ac_cv_env_PKG_CONFIG_value=
ac_cv_env_build_alias_set=
ac_cv_env_build_alias_value=
ac_cv_env_host_alias_set=
ac_cv_env_host_alias_value=
ac_cv_env_target_alias_set=
ac_cv_env_target_alias_value=
ac_cv_header_inttypes_h=yes
ac_cv_header_memory_h=yes
ac_cv_header_stdc=yes
ac_cv_header_stdint_h=yes
ac_cv_header_stdlib_h=yes
ac_cv_header_string_h=yes
ac_cv_header_strings_h=yes
ac_cv_header_sys_select_h=yes
ac_cv_header_sys_stat_h=yes
ac_cv_header_sys_types_h=yes
ac_cv_header_unistd_h=yes
ac_cv_objext=o
ac_cv_path_EGREP='/bin/grep -E'
ac_cv_path_GREP=/bin/grep
ac_cv_path_ac_pt_PKG_CONFIG=/usr/bin/pkg-config
ac_cv_path_install='/usr/bin/install -c'
ac_cv_path_mkdir=/bin/mkdir
ac_cv_prog_AWK=gawk
ac_cv_prog_CPP='gcc -E'
ac_cv_prog_ac_ct_CC=gcc
ac_cv_prog_ac_ct_CXX=g++
ac_cv_prog_cc_c89=
ac_cv_prog_cc_g=yes
ac_cv_prog_cxx_g=yes
ac_cv_prog_make_make_set=yes
am_cv_CC_dependencies_compiler_type=none
am_cv_CXX_dependencies_compiler_type=none
pkg_cv_DEPS_CFLAGS='-I/usr/include/libxml2  '
pkg_cv_DEPS_LIBS='-lxml2  '

## ----------------- ##
## Output variables. ##
## ----------------- ##

ACLOCAL='${SHELL} /home/administrator/桌面/WY/opuCI_3D_RC2010/missing --run aclocal-1.11'
ACLOCAL_AMFLAGS='${ACLOCAL_FLAGS}'
AMDEPBACKSLASH='\'
AMDEP_FALSE='#'
AMDEP_TRUE=''
AMTAR='${SHELL} /home/administrator/桌面/WY/opuCI_3D_RC2010/missing --run tar'
AUTOCONF='${SHELL} /home/administrator/桌面/WY/opuCI_3D_RC2010/missing --run autoconf'
AUTOHEADER='${SHELL} /home/administrator/桌面/WY/opuCI_3D_RC2010/missing --run autoheader'
AUTOMAKE='${SHELL} /home/administrator/桌面/WY/opuCI_3D_RC2010/missing --run automake-1.11'
AWK='gawk'
CC='gcc'
CCDEPMODE='depmode=none'
CFLAGS='-g -O2'
CPP='gcc -E'
CPPFLAGS=''
CXX='g++'
CXXDEPMODE='depmode=none'
CXXFLAGS='-g -O2'
CYGPATH_W='echo'
DEFS='-DPACKAGE_NAME=\"\" -DPACKAGE_TARNAME=\"\" -DPACKAGE_VERSION=\"\" -DPACKAGE_STRING=\"\" -DPACKAGE_BUGREPORT=\"\" -DPACKAGE_URL=\"\" -DPACKAGE=\"littlegreenbats\" -DVERSION=\"2007.1.0\" -DSTDC_HEADERS=1 -DHAVE_SYS_TYPES_H=1 -DHAVE_SYS_STAT_H=1 -DHAVE_STDLIB_H=1 -DHAVE_STRING_H=1 -DHAVE_MEMORY_H=1 -DHAVE_STRINGS_H=1 -DHAVE_INTTYPES_H=1 -DHAVE_STDINT_H=1 -DHAVE_UNISTD_H=1'
DEPDIR='.deps'
DEPS_CFLAGS='-I/usr/include/libxml2  '
DEPS_LIBS='-lxml2  '
ECHO_C=''
ECHO_N='-n'
ECHO_T=''
EGREP='/bin/grep -E'
EXEEXT=''
GREP='/bin/grep'
INSTALL_DATA='${INSTALL} -m 644'
INSTALL_PROGRAM='${INSTALL}'
INSTALL_SCRIPT='${INSTALL}'
INSTALL_STRIP_PROGRAM='$(install_sh) -c -s'
LDFLAGS=''
LIBOBJS=''
LIBS=''
LTLIBOBJS=''
MAKEINFO='${SHELL} /home/administrator/桌面/WY/opuCI_3D_RC2010/missing --run makeinfo'
MKDIR_P='/bin/mkdir -p'
OBJEXT='o'
PACKAGE='littlegreenbats'
PACKAGE_BUGREPORT=''
PACKAGE_NAME=''
PACKAGE_STRING=''
PACKAGE_TARNAME=''
PACKAGE_URL=''
PACKAGE_VERSION=''
PATH_SEPARATOR=':'
PKG_CONFIG='/usr/bin/pkg-config'
SET_MAKE=''
SHELL='/bin/bash'
STRIP=''
VERSION='2007.1.0'
ac_ct_CC='gcc'
ac_ct_CXX='g++'
am__EXEEXT_FALSE=''
am__EXEEXT_TRUE='#'
am__fastdepCC_FALSE=''
am__fastdepCC_TRUE='#'
am__fastdepCXX_FALSE=''
am__fastdepCXX_TRUE='#'
am__include='#'
am__isrc=''
am__leading_dot='.'
am__quote=''
am__tar='${AMTAR} chof - "$$tardir"'
am__untar='${AMTAR} xf -'
bindir='${exec_prefix}/bin'
build_alias=''
datadir='${datarootdir}'
datarootdir='${prefix}/share'
docdir='${datarootdir}/doc/${PACKAGE}'
dvidir='${docdir}'
exec_prefix='${prefix}'
host_alias=''
htmldir='${docdir}'
includedir='${prefix}/include'
infodir='${datarootdir}/info'
install_sh='${SHELL} /home/administrator/桌面/WY/opuCI_3D_RC2010/install-sh'
libdir='${exec_prefix}/lib'
libexecdir='${exec_prefix}/libexec'
localedir='${datarootdir}/locale'
localstatedir='${prefix}/var'
mandir='${datarootdir}/man'
mkdir_p='/bin/mkdir -p'
oldincludedir='/usr/include'
pdfdir='${docdir}'
prefix='/usr/local'
program_transform_name='s,x,x,'
psdir='${docdir}'
sbindir='${exec_prefix}/sbin'
sharedstatedir='${prefix}/com'
sysconfdir='${prefix}/etc'
target_alias=''

## ----------- ##
## confdefs.h. ##
## ----------- ##

/* confdefs.h */
#define PACKAGE_NAME ""
#define PACKAGE_TARNAME ""
#define PACKAGE_VERSION ""
#define PACKAGE_STRING ""
#define PACKAGE_BUGREPORT ""
#define PACKAGE_URL ""
#define PACKAGE "littlegreenbats"
#define VERSION "2007.1.0"
#define STDC_HEADERS 1
#define HAVE_SYS_TYPES_H 1
#define HAVE_SYS_STAT_H 1
#define HAVE_STDLIB_H 1
#define HAVE_STRING_H 1
#define HAVE_MEMORY_H 1
#define HAVE_STRINGS_H 1
#define HAVE_INTTYPES_H 1
#define HAVE_STDINT_H 1
#define HAVE_UNISTD_H 1

configure: exit 0
