

	*****************************************************
	*                                                   *
	*                                                   *
	*    >>>>>>>>>>>>>> CIT2012 Start <<<<<<<<<<<<<<    *
	*                                                   *
	*                                                   *
	*****************************************************
fileName::conf/OurBallForm.conf
end connect
	team:afucit3d playerID:1 time delay:0 beam:( -14.3309 , 0 , 0 )

	running......

CITConf::1
------------------------------------
-----------------------------------time:300.01
------------------------------------
-----------------------------------time:300.01
------------------------------------
OurBallRightAttackForm2
fileName::conf/OurBallForm.conf
-----------------------------------time:300.01
------------------------------------
-----------------------------------time:300.01
------------------------------------
-----------------------------------time:300.01
------------------------------------
-----------------------------------time:300.01
------------------------------------
-----------------------------------time:300.01
------------------------------------
-----------------------------------time:300.01
------------------------------------
-----------------------------------time:300.01
------------------------------------
-----------------------------------time:300.01
------------------------------------
-----------------------------------time:300.01
------------------------------------
-----------------------------------time:300.01
------------------------------------
-----------------------------------time:300.01
------------------------------------
-----------------------------------time:300.01
------------------------------------
-----------------------------------time:300.01
------------------------------------
-----------------------------------time:300.01
------------------------------------
-----------------------------------time:300.01
------------------------------------
-----------------------------------time:300.01
------------------------------------
-----------------------------------time:300.01
------------------------------------
-----------------------------------time:300.01
------------------------------------
-----------------------------------time:300.01
------------------------------------
-----------------------------------time:300.01
------------------------------------
-----------------------------------time:300.01
------------------------------------
-----------------------------------time:300.01
------------------------------------
-----------------------------------time:300.01
------------------------------------
-----------------------------------time:300.01
------------------------------------
-----------------------------------time:300.01
------------------------------------
-----------------------------------time:300.01
------------------------------------
-----------------------------------time:300.01
------------------------------------
-----------------------------------time:300.01
------------------------------------
-----------------------------------time:300.01
------------------------------------
-----------------------------------time:300.01
------------------------------------
-----------------------------------time:300.01
------------------------------------
-----------------------------------time:300.01
------------------------------------
-----------------------------------time:300.01
------------------------------------
-----------------------------------time:300.01
------------------------------------
-----------------------------------time:300.01
------------------------------------
-----------------------------------time:300.01
------------------------------------
-----------------------------------time:300.01
------------------------------------
-----------------------------------time:300.01
------------------------------------
-----------------------------------time:300.01
------------------------------------
-----------------------------------time:300.01
------------------------------------
-----------------------------------time:300.01
------------------------------------
-----------------------------------time:300.01
------------------------------------
-----------------------------------time:300.01
------------------------------------
-----------------------------------time:300.01
