

	*****************************************************
	*                                                   *
	*                                                   *
	*    >>>>>>>>>>>>>> CIT2012 Start <<<<<<<<<<<<<<    *
	*                                                   *
	*                                                   *
	*****************************************************
fileName::conf/OurBallForm.conf
end connect
	team:AfuCit3D playerID:2 time delay:0 beam:( -0.143 , -0.075 , 0 )

	running......

CITConf::1
------------------------------------
-----------------------------------time:0
------------------------------------
-----------------------------------time:0
------------------------------------
OurBallRightAttackForm2
fileName::conf/OurBallForm.conf
-----------------------------------time:0
------------------------------------
-----------------------------------time:0
------------------------------------
-----------------------------------time:0
------------------------------------
-----------------------------------time:0
------------------------------------
-----------------------------------time:0
------------------------------------
-----------------------------------time:0
------------------------------------
-----------------------------------time:0
------------------------------------
-----------------------------------time:0
------------------------------------
-----------------------------------time:0
------------------------------------
-----------------------------------time:0
------------------------------------
-----------------------------------time:0
------------------------------------
-----------------------------------time:0
------------------------------------
-----------------------------------time:0
------------------------------------
-----------------------------------time:0
------------------------------------
-----------------------------------time:0
------------------------------------
-----------------------------------time:0
------------------------------------
-----------------------------------time:0
------------------------------------
-----------------------------------time:0
------------------------------------
-----------------------------------time:0
------------------------------------
-----------------------------------time:0
------------------------------------
-----------------------------------time:0
------------------------------------
-----------------------------------time:0
------------------------------------
-----------------------------------time:0
------------------------------------
-----------------------------------time:0
------------------------------------
-----------------------------------time:0
------------------------------------
-----------------------------------time:0
------------------------------------
-----------------------------------time:0
------------------------------------
-----------------------------------time:0
------------------------------------
-----------------------------------time:0
------------------------------------
-----------------------------------time:0
------------------------------------
-----------------------------------time:0
------------------------------------
-----------------------------------time:0
------------------------------------
-----------------------------------time:0
------------------------------------
-----------------------------------time:0
------------------------------------
-----------------------------------time:0
------------------------------------
-----------------------------------time:0
------------------------------------
-----------------------------------time:0
------------------------------------
-----------------------------------time:0
------------------------------------
-----------------------------------time:0
------------------------------------
-----------------------------------time:0
------------------------------------
-----------------------------------time:0
------------------------------------
-----------------------------------time:0
------------------------------------
-----------------------------------time:0
------------------------------------
-----------------------------------time:0
------------------------------------
-----------------------------------time:0
------------------------------------
-----------------------------------time:0
------------------------------------
-----------------------------------time:0
------------------------------------
-----------------------------------time:0
------------------------------------
-----------------------------------time:0
------------------------------------
-----------------------------------time:0
------------------------------------
-----------------------------------time:0
------------------------------------
-----------------------------------time:0
------------------------------------
-----------------------------------time:0
------------------------------------
-----------------------------------time:0
------------------------------------
-----------------------------------time:0
------------------------------------
-----------------------------------time:0
------------------------------------
-----------------------------------time:0
------------------------------------
-----------------------------------time:0
------------------------------------
-----------------------------------time:0
------------------------------------
-----------------------------------time:0
------------------------------------
-----------------------------------time:0
------------------------------------
-----------------------------------time:0
------------------------------------
-----------------------------------time:0
------------------------------------
-----------------------------------time:0
------------------------------------
-----------------------------------time:0
------------------------------------
-----------------------------------time:0
------------------------------------
-----------------------------------time:0
------------------------------------
-----------------------------------time:0
------------------------------------
-----------------------------------time:0
------------------------------------
-----------------------------------time:0
------------------------------------
-----------------------------------time:0
------------------------------------
-----------------------------------time:0
------------------------------------
-----------------------------------time:0
------------------------------------
-----------------------------------time:0
------------------------------------
-----------------------------------time:0
------------------------------------
-----------------------------------time:0
------------------------------------
-----------------------------------time:0
------------------------------------
-----------------------------------time:0
------------------------------------
-----------------------------------time:0
------------------------------------
-----------------------------------time:0
------------------------------------
-----------------------------------time:0
------------------------------------
-----------------------------------time:0
------------------------------------
-----------------------------------time:0
------------------------------------
-----------------------------------time:0
------------------------------------
-----------------------------------time:0
------------------------------------
-----------------------------------time:0
------------------------------------
-----------------------------------time:0
------------------------------------
-----------------------------------time:0
------------------------------------
-----------------------------------time:0
------------------------------------
-----------------------------------time:0
------------------------------------
-----------------------------------time:0
------------------------------------
-----------------------------------time:0
------------------------------------
-----------------------------------time:0
------------------------------------
-----------------------------------time:0
------------------------------------
-----------------------------------time:0
------------------------------------
-----------------------------------time:0
------------------------------------
-----------------------------------time:0
------------------------------------
-----------------------------------time:0
------------------------------------
-----------------------------------time:0
------------------------------------
-----------------------------------time:0
------------------------------------
-----------------------------------time:0
------------------------------------
-----------------------------------time:0
------------------------------------
-----------------------------------time:0
------------------------------------
-----------------------------------time:0
------------------------------------
-----------------------------------time:0
------------------------------------
-----------------------------------time:0
------------------------------------
-----------------------------------time:0
------------------------------------
-----------------------------------time:0
------------------------------------
-----------------------------------time:0
------------------------------------
-----------------------------------time:0
------------------------------------
-----------------------------------time:0
------------------------------------
-----------------------------------time:0
------------------------------------
-----------------------------------time:0
------------------------------------
-----------------------------------time:0
------------------------------------
-----------------------------------time:0
------------------------------------
-----------------------------------time:0
------------------------------------
-----------------------------------time:0
------------------------------------
-----------------------------------time:0
------------------------------------
-----------------------------------time:0
------------------------------------
-----------------------------------time:0
------------------------------------
-----------------------------------time:0
------------------------------------
-----------------------------------time:0
------------------------------------
-----------------------------------time:0
------------------------------------
-----------------------------------time:0
------------------------------------
-----------------------------------time:0
------------------------------------
-----------------------------------time:0
------------------------------------
-----------------------------------time:0
------------------------------------
-----------------------------------time:0
------------------------------------
-----------------------------------time:0
------------------------------------
-----------------------------------time:0
------------------------------------
-----------------------------------time:0
------------------------------------
-----------------------------------time:0
------------------------------------
-----------------------------------time:0
------------------------------------
-----------------------------------time:0
------------------------------------
-----------------------------------time:0
------------------------------------
-----------------------------------time:0
------------------------------------
-----------------------------------time:0
------------------------------------
-----------------------------------time:0
------------------------------------
-----------------------------------time:0
------------------------------------
-----------------------------------time:0
------------------------------------
-----------------------------------time:0
------------------------------------
-----------------------------------time:0
------------------------------------
-----------------------------------time:0
------------------------------------
-----------------------------------time:0
------------------------------------
-----------------------------------time:0
------------------------------------
-----------------------------------time:0
------------------------------------
-----------------------------------time:0
------------------------------------
-----------------------------------time:0
------------------------------------
-----------------------------------time:0
------------------------------------
-----------------------------------time:0
------------------------------------
-----------------------------------time:0
------------------------------------
-----------------------------------time:0
------------------------------------
-----------------------------------time:0
------------------------------------
-----------------------------------time:0
------------------------------------
-----------------------------------time:0
------------------------------------
-----------------------------------time:0
------------------------------------
-----------------------------------time:0
------------------------------------
-----------------------------------time:0
------------------------------------
-----------------------------------time:0
------------------------------------
-----------------------------------time:0
------------------------------------
-----------------------------------time:0
------------------------------------
-----------------------------------time:0
