

	*****************************************************
	*                                                   *
	*                                                   *
	*    >>>>>>>>>>>>>> AF2013 Start <<<<<<<<<<<<<<    *
	*                                                   *
	*                                                   *
	*****************************************************
fileName::conf/OurBallForm.conf
end connect
	team:AF3D playerID:2 time delay:0 beam:( -0.1498 , -0.072 , 0 )

	running......

AFConf::1
------------------------------------
-----------------------------------time:0
------------------------------------
-----------------------------------time:0
------------------------------------
OurBallRightAttackForm2
fileName::conf/OurBallForm.conf
-----------------------------------time:0
------------------------------------
-----------------------------------time:0
------------------------------------
-----------------------------------time:0
------------------------------------
-----------------------------------time:0
------------------------------------
-----------------------------------time:0
------------------------------------
-----------------------------------time:0
------------------------------------
-----------------------------------time:0
------------------------------------
-----------------------------------time:0
------------------------------------
-----------------------------------time:0
------------------------------------
-----------------------------------time:0
------------------------------------
-----------------------------------time:0
------------------------------------
-----------------------------------time:0
------------------------------------
-----------------------------------time:0
------------------------------------
-----------------------------------time:0
------------------------------------
-----------------------------------time:0
------------------------------------
-----------------------------------time:0
------------------------------------
-----------------------------------time:0
------------------------------------
-----------------------------------time:0
------------------------------------
-----------------------------------time:0
------------------------------------
-----------------------------------time:0
------------------------------------
-----------------------------------time:0
------------------------------------
-----------------------------------time:0
------------------------------------
-----------------------------------time:0
------------------------------------
-----------------------------------time:0
------------------------------------
-----------------------------------time:0
------------------------------------
-----------------------------------time:0
------------------------------------
-----------------------------------time:0
------------------------------------
-----------------------------------time:0
------------------------------------
-----------------------------------time:0
------------------------------------
-----------------------------------time:0
------------------------------------
-----------------------------------time:0
------------------------------------
-----------------------------------time:0
------------------------------------
-----------------------------------time:0
------------------------------------
-----------------------------------time:0
------------------------------------
-----------------------------------time:0
------------------------------------
-----------------------------------time:0
------------------------------------
-----------------------------------time:0
------------------------------------
-----------------------------------time:0
------------------------------------
-----------------------------------time:0
------------------------------------
-----------------------------------time:0
------------------------------------
-----------------------------------time:0
------------------------------------
-----------------------------------time:0
------------------------------------
-----------------------------------time:0
------------------------------------
-----------------------------------time:0
------------------------------------
-----------------------------------time:0
------------------------------------
-----------------------------------time:0
------------------------------------
-----------------------------------time:0
------------------------------------
-----------------------------------time:0
------------------------------------
-----------------------------------time:0
------------------------------------
-----------------------------------time:0
------------------------------------
-----------------------------------time:0
------------------------------------
-----------------------------------time:0
------------------------------------
-----------------------------------time:0
------------------------------------
-----------------------------------time:0
------------------------------------
-----------------------------------time:0
------------------------------------
-----------------------------------time:0
------------------------------------
-----------------------------------time:0
------------------------------------
-----------------------------------time:0
------------------------------------
-----------------------------------time:0
------------------------------------
-----------------------------------time:0
------------------------------------
-----------------------------------time:0
------------------------------------
-----------------------------------time:0
------------------------------------
-----------------------------------time:0
------------------------------------
-----------------------------------time:0
------------------------------------
-----------------------------------time:0
------------------------------------
-----------------------------------time:0
------------------------------------
-----------------------------------time:0
------------------------------------
-----------------------------------time:0
------------------------------------
-----------------------------------time:0
------------------------------------
-----------------------------------time:0
------------------------------------
-----------------------------------time:0
------------------------------------
-----------------------------------time:0
------------------------------------
-----------------------------------time:0
------------------------------------
-----------------------------------time:0
------------------------------------
-----------------------------------time:0
------------------------------------
-----------------------------------time:0
------------------------------------
-----------------------------------time:0
------------------------------------
-----------------------------------time:0
------------------------------------
-----------------------------------time:0
------------------------------------
-----------------------------------time:0
------------------------------------
-----------------------------------time:0
------------------------------------
-----------------------------------time:0
------------------------------------
-----------------------------------time:0
------------------------------------
-----------------------------------time:0
------------------------------------
-----------------------------------time:0
------------------------------------
-----------------------------------time:0
------------------------------------
-----------------------------------time:0
------------------------------------
-----------------------------------time:0
------------------------------------
-----------------------------------time:0
------------------------------------
-----------------------------------time:0
------------------------------------
-----------------------------------time:0
------------------------------------
-----------------------------------time:0
------------------------------------
-----------------------------------time:0
------------------------------------
-----------------------------------time:0
------------------------------------
-----------------------------------time:0
------------------------------------
-----------------------------------time:0
------------------------------------
-----------------------------------time:0
------------------------------------
-----------------------------------time:0
------------------------------------
-----------------------------------time:0
------------------------------------
-----------------------------------time:0
------------------------------------
-----------------------------------time:0
------------------------------------
-----------------------------------time:0
------------------------------------
-----------------------------------time:0
------------------------------------
-----------------------------------time:0
------------------------------------
-----------------------------------time:0
------------------------------------
-----------------------------------time:0
------------------------------------
-----------------------------------time:0
------------------------------------
-----------------------------------time:0
------------------------------------
-----------------------------------time:0
------------------------------------
-----------------------------------time:0
------------------------------------
-----------------------------------time:0
------------------------------------
-----------------------------------time:0
------------------------------------
-----------------------------------time:0
------------------------------------
-----------------------------------time:0
------------------------------------
-----------------------------------time:0
------------------------------------
-----------------------------------time:0
------------------------------------
-----------------------------------time:0
------------------------------------
-----------------------------------time:0
------------------------------------
-----------------------------------time:0
------------------------------------
-----------------------------------time:0
------------------------------------
-----------------------------------time:0
------------------------------------
-----------------------------------time:0
------------------------------------
-----------------------------------time:0
------------------------------------
-----------------------------------time:0
------------------------------------
-----------------------------------time:0
------------------------------------
-----------------------------------time:0
------------------------------------
-----------------------------------time:0
------------------------------------
-----------------------------------time:0
------------------------------------
-----------------------------------time:0
------------------------------------
-----------------------------------time:0
------------------------------------
-----------------------------------time:0
------------------------------------
-----------------------------------time:0
------------------------------------
-----------------------------------time:0
------------------------------------
-----------------------------------time:0
------------------------------------
-----------------------------------time:0
------------------------------------
-----------------------------------time:0
------------------------------------
-----------------------------------time:0
------------------------------------
-----------------------------------time:0
------------------------------------
-----------------------------------time:0
------------------------------------
-----------------------------------time:0
------------------------------------
-----------------------------------time:0
------------------------------------
-----------------------------------time:0
------------------------------------
-----------------------------------time:0
------------------------------------
-----------------------------------time:0
------------------------------------
-----------------------------------time:0
------------------------------------
-----------------------------------time:0
------------------------------------
-----------------------------------time:0
------------------------------------
-----------------------------------time:0
------------------------------------
-----------------------------------time:0
------------------------------------
-----------------------------------time:0
------------------------------------
-----------------------------------time:0
------------------------------------
-----------------------------------time:0
------------------------------------
-----------------------------------time:0
------------------------------------
-----------------------------------time:0
------------------------------------
-----------------------------------time:0
------------------------------------
-----------------------------------time:0
------------------------------------
-----------------------------------time:0
------------------------------------
-----------------------------------time:0
------------------------------------
-----------------------------------time:0
------------------------------------
-----------------------------------time:0
------------------------------------
-----------------------------------time:0
------------------------------------
-----------------------------------time:0
------------------------------------
-----------------------------------time:0
------------------------------------
-----------------------------------time:0
------------------------------------
-----------------------------------time:0
------------------------------------
-----------------------------------time:0
------------------------------------
-----------------------------------time:0
------------------------------------
-----------------------------------time:0
------------------------------------
-----------------------------------time:0
------------------------------------
-----------------------------------time:0
------------------------------------
-----------------------------------time:0
------------------------------------
-----------------------------------time:0
------------------------------------
-----------------------------------time:0
------------------------------------
-----------------------------------time:0
------------------------------------
-----------------------------------time:0
------------------------------------
-----------------------------------time:0
------------------------------------
-----------------------------------time:0
------------------------------------
-----------------------------------time:0
------------------------------------
-----------------------------------time:0
------------------------------------
-----------------------------------time:0
------------------------------------
-----------------------------------time:0
------------------------------------
-----------------------------------time:0
------------------------------------
-----------------------------------time:0
------------------------------------
-----------------------------------time:0
------------------------------------
do not fall down
KickOffstart::1
shootcounter:::::::1
slarm1::(lae1 -17.4533)
s3::Lleg3 (lle3 0.855096)
s4::Lleg4 (lle4 -7.1)
s5::Lleg5 (lle5 6.23391)
srarm1:: (rae1 -17.4533)
s10::Rleg4 (rle4 -7.1)
-----------------------------------time:0.02
------------------------------------
do not fall down
KickOffstart::1
shootcounter:::::::2
slarm1::(lae1 1.43921e-07)
s3::Lleg3 (lle3 -1.3483)
s4::Lleg4 (lle4 3.49336)
s5::Lleg5 (lle5 -2.14506)
srarm1:: (rae1 1.43921e-07)
s10::Rleg4 (rle4 3.49336)
-----------------------------------time:0.04
------------------------------------
do not fall down
KickOffstart::1
shootcounter:::::::3
slarm1::(lae1 -11.3272)
s3::Lleg3 (lle3 -1.44547)
s4::Lleg4 (lle4 2.72181)
s5::Lleg5 (lle5 -2.13155)
srarm1:: (rae1 -11.3272)
s10::Rleg4 (rle4 2.72181)
-----------------------------------time:0.06
------------------------------------
do not fall down
KickOffstart::1
shootcounter:::::::4
slarm1::(lae1 1.43921e-07)
s3::Lleg3 (lle3 -1.55872)
s4::Lleg4 (lle4 3.89675)
s5::Lleg5 (lle5 -2.33804)
srarm1:: (rae1 1.43921e-07)
s10::Rleg4 (rle4 3.89675)
-----------------------------------time:0.08
------------------------------------
do not fall down
KickOffstart::1
shootcounter:::::::5
slarm1::(lae1 -5.19235)
s3::Lleg3 (lle3 -1.68757)
s4::Lleg4 (lle4 4.17204)
s5::Lleg5 (lle5 -2.47574)
srarm1:: (rae1 -5.19235)
s10::Rleg4 (rle4 4.17204)
-----------------------------------time:0.1
------------------------------------
do not fall down
KickOffstart::1
shootcounter:::::::6
slarm1::(lae1 1.43921e-07)
s3::Lleg3 (lle3 -1.86529)
s4::Lleg4 (lle4 4.5205)
s5::Lleg5 (lle5 -2.65521)
srarm1:: (rae1 1.43921e-07)
s10::Rleg4 (rle4 4.5205)
-----------------------------------time:0.12
------------------------------------
do not fall down
KickOffstart::1
shootcounter:::::::7
slarm1::(lae1 1.43921e-07)
s3::Lleg3 (lle3 1.93715e-05)
s4::Lleg4 (lle4 -0.00334382)
s5::Lleg5 (lle5 0.00332594)
srarm1:: (rae1 1.43921e-07)
s10::Rleg4 (rle4 -0.00334382)
-----------------------------------time:0.14
------------------------------------
do not fall down
KickOffstart::1
shootcounter:::::::8
rfootp::::: -0.02
cy0:::::::: 0
movetime::::0.02
py:::::-0.00406243
slarm1::(lae1 1.43921e-07)
s3::Lleg3 (lle3 -0.0147492)
s4::Lleg4 (lle4 0.0354856)
s5::Lleg5 (lle5 -0.0207365)
srarm1:: (rae1 1.43921e-07)
s10::Rleg4 (rle4 0.0354856)
-----------------------------------time:0.16
------------------------------------
do not fall down
KickOffstart::1
shootcounter:::::::9
rfootp::::: -0.02
cy0:::::::: 0
movetime::::0.04
py:::::-0.00785235
slarm1::(lae1 1.43921e-07)
s3::Lleg3 (lle3 -0.0469223)
s4::Lleg4 (lle4 0.10272)
s5::Lleg5 (lle5 -0.0557959)
srarm1:: (rae1 1.43921e-07)
s10::Rleg4 (rle4 0.10272)
-----------------------------------time:0.18
------------------------------------
do not fall down
KickOffstart::1
shootcounter:::::::10
rfootp::::: -0.02
cy0:::::::: 0
movetime::::0.06
py:::::-0.0114346
slarm1::(lae1 1.43921e-07)
s3::Lleg3 (lle3 -0.0619695)
s4::Lleg4 (lle4 0.149027)
s5::Lleg5 (lle5 -0.0870585)
srarm1:: (rae1 1.43921e-07)
s10::Rleg4 (rle4 0.149027)
-----------------------------------time:0.2
------------------------------------
do not fall down
KickOffstart::1
shootcounter:::::::11
rfootp::::: -0.02
cy0:::::::: 0
movetime::::0.08
py:::::-0.0148703
slarm1::(lae1 1.43921e-07)
s3::Lleg3 (lle3 -0.0819281)
s4::Lleg4 (lle4 0.194091)
s5::Lleg5 (lle5 -0.120884)
srarm1:: (rae1 1.43921e-07)
s10::Rleg4 (rle4 0.194091)
-----------------------------------time:0.22
------------------------------------
do not fall down
KickOffstart::1
shootcounter:::::::12
rfootp::::: -0.02
cy0:::::::: 0
movetime::::0.1
py:::::-0.0182184
slarm1::(lae1 1.43921e-07)
s3::Lleg3 (lle3 -0.100128)
s4::Lleg4 (lle4 0.240499)
s5::Lleg5 (lle5 -0.140372)
srarm1:: (rae1 1.43921e-07)
s10::Rleg4 (rle4 0.240499)
-----------------------------------time:0.24
------------------------------------
do not fall down
KickOffstart::1
shootcounter:::::::13
rfootp::::: -0.02
cy0:::::::: 0
movetime::::0.12
py:::::-0.021536
slarm1::(lae1 1.43921e-07)
s3::Lleg3 (lle3 -0.115356)
s4::Lleg4 (lle4 0.281614)
s5::Lleg5 (lle5 -0.166258)
srarm1:: (rae1 1.43921e-07)
s10::Rleg4 (rle4 0.281614)
-----------------------------------time:0.26
------------------------------------
do not fall down
KickOffstart::1
shootcounter:::::::14
rfootp::::: -0.02
cy0:::::::: 0
movetime::::0.14
py:::::-0.0248798
slarm1::(lae1 1.43921e-07)
s3::Lleg3 (lle3 -0.141856)
s4::Lleg4 (lle4 0.340152)
s5::Lleg5 (lle5 -0.198296)
srarm1:: (rae1 1.43921e-07)
s10::Rleg4 (rle4 0.340152)
-----------------------------------time:0.28
------------------------------------
do not fall down
KickOffstart::1
shootcounter:::::::15
rfootp::::: -0.02
cy0:::::::: 0
movetime::::0.16
py:::::-0.0283071
slarm1::(lae1 1.43921e-07)
s3::Lleg3 (lle3 -0.17388)
s4::Lleg4 (lle4 0.409257)
s5::Lleg5 (lle5 -0.235379)
srarm1:: (rae1 1.43921e-07)
s10::Rleg4 (rle4 0.409257)
-----------------------------------time:0.3
------------------------------------
do not fall down
KickOffstart::1
shootcounter:::::::16
rfootp::::: -0.02
cy0:::::::: 0
movetime::::0.18
py:::::-0.0318764
slarm1::(lae1 1.43921e-07)
s3::Lleg3 (lle3 -0.199528)
s4::Lleg4 (lle4 0.477338)
s5::Lleg5 (lle5 -0.277811)
srarm1:: (rae1 1.43921e-07)
s10::Rleg4 (rle4 0.477338)
-----------------------------------time:0.32
------------------------------------
do not fall down
KickOffstart::1
shootcounter:::::::17
rfootp::::: -0.02
cy0:::::::: 0
movetime::::0.2
py:::::-0.0356488
slarm1::(lae1 1.43921e-07)
s3::Lleg3 (lle3 -0.231957)
s4::Lleg4 (lle4 0.570098)
s5::Lleg5 (lle5 -0.329414)
srarm1:: (rae1 1.43921e-07)
s10::Rleg4 (rle4 0.570098)
-----------------------------------time:0.34
------------------------------------
do not fall down
KickOffstart::1
shootcounter:::::::18
rfootp::::: -0.02
cy0:::::::: 0
movetime::::0.22
py:::::-0.0396888
slarm1::(lae1 1.43921e-07)
s3::Lleg3 (lle3 -0.289446)
s4::Lleg4 (lle4 0.690213)
s5::Lleg5 (lle5 -0.400767)
srarm1:: (rae1 1.43921e-07)
s10::Rleg4 (rle4 0.690213)
-----------------------------------time:0.36
------------------------------------
do not fall down
KickOffstart::1
shootcounter:::::::19
rfootp::::: -0.02
cy0:::::::: 0
movetime::::0.24
py:::::-0.0440654
slarm1::(lae1 1.43921e-07)
s3::Lleg3 (lle3 -0.358143)
s4::Lleg4 (lle4 0.843275)
s5::Lleg5 (lle5 -0.485131)
srarm1:: (rae1 1.43921e-07)
s10::Rleg4 (rle4 0.843275)
-----------------------------------time:0.38
------------------------------------
do not fall down
KickOffstart::1
shootcounter:::::::20
rfootp::::: -0.02
cy0:::::::: 0
movetime::::0.26
py:::::-0.0488535
slarm1::(lae1 1.43921e-07)
s3::Lleg3 (lle3 -0.438839)
s4::Lleg4 (lle4 1.04169)
s5::Lleg5 (lle5 -0.60285)
srarm1:: (rae1 1.43921e-07)
s10::Rleg4 (rle4 1.04169)
-----------------------------------time:0.4
------------------------------------
do not fall down
KickOffstart::1
shootcounter:::::::21
rfootp::::: -0.02
cy0:::::::: 0
movetime::::0.28
py:::::-0.0541349
slarm1::(lae1 1.43921e-07)
s3::Lleg3 (lle3 -0.552568)
s4::Lleg4 (lle4 1.30101)
s5::Lleg5 (lle5 -0.757173)
srarm1:: (rae1 1.43921e-07)
s10::Rleg4 (rle4 1.30101)
-----------------------------------time:0.42
------------------------------------
do not fall down
KickOffstart::1
shootcounter:::::::22
rfootp::::: -0.02
cy0:::::::: 0
movetime::::0.3
py:::::-0.06
slarm1::(lae1 1.43921e-07)
s3::Lleg3 (lle3 -7.1)
s4::Lleg4 (lle4 -7.1)
s5::Lleg5 (lle5 7.1)
srarm1:: (rae1 1.43921e-07)
s10::Rleg4 (rle4 1.65444)
-----------------------------------time:0.44
------------------------------------
do not fall down
KickOffstart::1
shootcounter:::::::23
slarm1::(lae1 1.43921e-07)
s3::Lleg3 (lle3 0.00343025)
s4::Lleg4 (lle4 0.00396073)
s5::Lleg5 (lle5 0.00133514)
srarm1:: (rae1 1.43921e-07)
s10::Rleg4 (rle4 0.00396073)
-----------------------------------time:0.46
------------------------------------
do not fall down
KickOffstart::1
shootcounter:::::::24
slarm1::(lae1 1.43921e-07)
s3::Lleg3 (lle3 0)
s4::Lleg4 (lle4 0)
s5::Lleg5 (lle5 0)
srarm1:: (rae1 1.43921e-07)
s10::Rleg4 (rle4 0)
-----------------------------------time:0.48
------------------------------------
do not fall down
KickOffstart::1
shootcounter:::::::25
slarm1::(lae1 1.43921e-07)
s3::Lleg3 (lle3 -7.1)
s4::Lleg4 (lle4 -7.1)
s5::Lleg5 (lle5 7.1)
srarm1:: (rae1 1.43921e-07)
s10::Rleg4 (rle4 0.000342727)
-----------------------------------time:0.5
------------------------------------
do not fall down
KickOffstart::1
shootcounter:::::::26
slarm1::(lae1 1.43921e-07)
s3::Lleg3 (lle3 0)
s4::Lleg4 (lle4 0)
s5::Lleg5 (lle5 0)
srarm1:: (rae1 1.43921e-07)
s10::Rleg4 (rle4 0)
-----------------------------------time:0.52
------------------------------------
do not fall down
KickOffstart::1
shootcounter:::::::27
slarm1::(lae1 1.43921e-07)
s3::Lleg3 (lle3 -3.83165)
s4::Lleg4 (lle4 -7.1)
s5::Lleg5 (lle5 7.1)
srarm1:: (rae1 1.43921e-07)
s10::Rleg4 (rle4 0.000342727)
-----------------------------------time:0.54
------------------------------------
do not fall down
KickOffstart::1
shootcounter:::::::28
slarm1::(lae1 1.43921e-07)
s3::Lleg3 (lle3 0)
s4::Lleg4 (lle4 0)
s5::Lleg5 (lle5 0)
srarm1:: (rae1 1.43921e-07)
s10::Rleg4 (rle4 0)
-----------------------------------time:0.56
------------------------------------
do not fall down
KickOffstart::1
shootcounter:::::::29
slarm1::(lae1 1.43921e-07)
s3::Lleg3 (lle3 -0.0268348)
s4::Lleg4 (lle4 -7.1)
s5::Lleg5 (lle5 7.1)
srarm1:: (rae1 1.43921e-07)
s10::Rleg4 (rle4 -0.00838339)
-----------------------------------time:0.58
------------------------------------
do not fall down
KickOffstart::1
shootcounter:::::::30
slarm1::(lae1 1.43921e-07)
s3::Lleg3 (lle3 0)
s4::Lleg4 (lle4 0)
s5::Lleg5 (lle5 0)
srarm1:: (rae1 1.43921e-07)
s10::Rleg4 (rle4 0)
-----------------------------------time:0.6
------------------------------------
do not fall down
KickOffstart::1
shootcounter:::::::31
slarm1::(lae1 1.43921e-07)
s3::Lleg3 (lle3 0.0167988)
s4::Lleg4 (lle4 -7.1)
s5::Lleg5 (lle5 -2)
srarm1:: (rae1 1.43921e-07)
s10::Rleg4 (rle4 0.000342727)
-----------------------------------time:0.62
------------------------------------
do not fall down
KickOffstart::1
shootcounter:::::::32
slarm1::(lae1 1.43921e-07)
s3::Lleg3 (lle3 0)
s4::Lleg4 (lle4 0)
s5::Lleg5 (lle5 -2)
srarm1:: (rae1 1.43921e-07)
s10::Rleg4 (rle4 0)
-----------------------------------time:0.64
------------------------------------
do not fall down
KickOffstart::1
shootcounter:::::::33
slarm1::(lae1 1.43921e-07)
s3::Lleg3 (lle3 0.00807196)
s4::Lleg4 (lle4 -7.1)
s5::Lleg5 (lle5 -2)
srarm1:: (rae1 1.43921e-07)
s10::Rleg4 (rle4 0.000342727)
-----------------------------------time:0.66
------------------------------------
do not fall down
KickOffstart::1
shootcounter:::::::34
slarm1::(lae1 1.43921e-07)
s3::Lleg3 (lle3 0)
s4::Lleg4 (lle4 0)
s5::Lleg5 (lle5 -2)
srarm1:: (rae1 1.43921e-07)
s10::Rleg4 (rle4 0)
-----------------------------------time:0.68
------------------------------------
do not fall down
KickOffstart::1
shootcounter:::::::35
slarm1::(lae1 1.43921e-07)
s3::Lleg3 (lle3 0.00807196)
s4::Lleg4 (lle4 -7.1)
s5::Lleg5 (lle5 -2)
srarm1:: (rae1 1.43921e-07)
s10::Rleg4 (rle4 0.000342727)
-----------------------------------time:0.7
------------------------------------
do not fall down
KickOffstart::1
shootcounter:::::::36
slarm1::(lae1 1.43921e-07)
s3::Lleg3 (lle3 7.1)
s4::Lleg4 (lle4 -7.1)
s5::Lleg5 (lle5 -2)
srarm1:: (rae1 1.43921e-07)
s10::Rleg4 (rle4 0)
-----------------------------------time:0.72
------------------------------------
do not fall down
KickOffstart::1
shootcounter:::::::37
slarm1::(lae1 1.43921e-07)
s3::Lleg3 (lle3 -0.000654534)
s4::Lleg4 (lle4 -7.1)
s5::Lleg5 (lle5 -2)
srarm1:: (rae1 1.43921e-07)
s10::Rleg4 (rle4 0.000342727)
-----------------------------------time:0.74
------------------------------------
do not fall down
KickOffstart::1
shootcounter:::::::38
slarm1::(lae1 1.43921e-07)
s3::Lleg3 (lle3 0)
s4::Lleg4 (lle4 0)
s5::Lleg5 (lle5 -2)
srarm1:: (rae1 1.43921e-07)
s10::Rleg4 (rle4 0)
-----------------------------------time:0.76
------------------------------------
do not fall down
KickOffstart::1
shootcounter:::::::39
slarm1::(lae1 1.43921e-07)
s3::Lleg3 (lle3 7.1)
s4::Lleg4 (lle4 -6.38478)
s5::Lleg5 (lle5 -2)
srarm1:: (rae1 1.43921e-07)
s10::Rleg4 (rle4 0.000342727)
-----------------------------------time:0.78
------------------------------------
do not fall down
KickOffstart::1
shootcounter:::::::40
slarm1::(lae1 1.43921e-07)
s3::Lleg3 (lle3 0)
s4::Lleg4 (lle4 0)
s5::Lleg5 (lle5 -2)
srarm1:: (rae1 1.43921e-07)
s10::Rleg4 (rle4 0)
-----------------------------------time:0.8
------------------------------------
do not fall down
KickOffstart::1
shootcounter:::::::41
slarm1::(lae1 1.43921e-07)
s3::Lleg3 (lle3 7.1)
s4::Lleg4 (lle4 -0.249952)
s5::Lleg5 (lle5 -4)
srarm1:: (rae1 1.43921e-07)
s10::Rleg4 (rle4 0.000342727)
-----------------------------------time:0.82
------------------------------------
do not fall down
KickOffstart::1
shootcounter:::::::42
slarm1::(lae1 1.43921e-07)
s3::Lleg3 (lle3 0)
s4::Lleg4 (lle4 0)
s5::Lleg5 (lle5 -4)
srarm1:: (rae1 1.43921e-07)
s10::Rleg4 (rle4 0)
-----------------------------------time:0.84
------------------------------------
do not fall down
KickOffstart::1
shootcounter:::::::43
slarm1::(lae1 1.43921e-07)
s3::Lleg3 (lle3 7.1)
s4::Lleg4 (lle4 -2.77823)
s5::Lleg5 (lle5 -4)
srarm1:: (rae1 1.43921e-07)
s10::Rleg4 (rle4 0.000342727)
-----------------------------------time:0.86
------------------------------------
do not fall down
KickOffstart::1
shootcounter:::::::44
slarm1::(lae1 1.43921e-07)
s3::Lleg3 (lle3 0)
s4::Lleg4 (lle4 0)
s5::Lleg5 (lle5 -4)
srarm1:: (rae1 1.43921e-07)
s10::Rleg4 (rle4 0)
-----------------------------------time:0.88
------------------------------------
do not fall down
KickOffstart::1
shootcounter:::::::45
slarm1::(lae1 1.43921e-07)
s3::Lleg3 (lle3 7.1)
s4::Lleg4 (lle4 -0.0118852)
s5::Lleg5 (lle5 -4)
srarm1:: (rae1 1.43921e-07)
s10::Rleg4 (rle4 0.000342727)
-----------------------------------time:0.9
------------------------------------
do not fall down
KickOffstart::1
shootcounter:::::::46
slarm1::(lae1 1.43921e-07)
s3::Lleg3 (lle3 0)
s4::Lleg4 (lle4 0)
s5::Lleg5 (lle5 -4)
srarm1:: (rae1 1.43921e-07)
s10::Rleg4 (rle4 0)
-----------------------------------time:0.92
------------------------------------
do not fall down
KickOffstart::1
shootcounter:::::::47
slarm1::(lae1 1.43921e-07)
s3::Lleg3 (lle3 7.1)
s4::Lleg4 (lle4 -0.00315905)
s5::Lleg5 (lle5 -4)
srarm1:: (rae1 1.43921e-07)
s10::Rleg4 (rle4 0.000342727)
-----------------------------------time:0.94
------------------------------------
do not fall down
KickOffstart::1
shootcounter:::::::48
slarm1::(lae1 1.43921e-07)
s3::Lleg3 (lle3 0)
s4::Lleg4 (lle4 0)
s5::Lleg5 (lle5 -4)
srarm1:: (rae1 1.43921e-07)
s10::Rleg4 (rle4 0)
-----------------------------------time:0.96
------------------------------------
do not fall down
KickOffstart::1
shootcounter:::::::49
slarm1::(lae1 1.43921e-07)
s3::Lleg3 (lle3 7.1)
s4::Lleg4 (lle4 0.00556707)
s5::Lleg5 (lle5 -4)
srarm1:: (rae1 1.43921e-07)
s10::Rleg4 (rle4 0.000342727)
-----------------------------------time:0.98
------------------------------------
do not fall down
KickOffstart::1
shootcounter:::::::50
slarm1::(lae1 1.43921e-07)
s3::Lleg3 (lle3 0)
s4::Lleg4 (lle4 0)
s5::Lleg5 (lle5 -4)
srarm1:: (rae1 1.43921e-07)
s10::Rleg4 (rle4 0)
-----------------------------------time:1
------------------------------------
do not fall down
KickOffstart::1
shootcounter:::::::51
slarm1::(lae1 1.43921e-07)
s3::Lleg3 (lle3 4.46284)
s4::Lleg4 (lle4 -0.00315905)
s5::Lleg5 (lle5 -4)
srarm1:: (rae1 1.43921e-07)
s10::Rleg4 (rle4 0.000342727)
-----------------------------------time:1.02
------------------------------------
do not fall down
KickOffstart::1
shootcounter:::::::52
slarm1::(lae1 1.43921e-07)
s3::Lleg3 (lle3 0)
s4::Lleg4 (lle4 0)
s5::Lleg5 (lle5 -4)
srarm1:: (rae1 1.43921e-07)
s10::Rleg4 (rle4 0)
-----------------------------------time:1.04
------------------------------------
do not fall down
KickOffstart::1
shootcounter:::::::53
slarm1::(lae1 1.43921e-07)
s3::Lleg3 (lle3 0.00351667)
s4::Lleg4 (lle4 0.00556707)
s5::Lleg5 (lle5 -4)
srarm1:: (rae1 1.43921e-07)
s10::Rleg4 (rle4 0.000342727)
-----------------------------------time:1.06
------------------------------------
do not fall down
KickOffstart::1
shootcounter:::::::54
slarm1::(lae1 1.43921e-07)
s3::Lleg3 (lle3 0)
s4::Lleg4 (lle4 0)
s5::Lleg5 (lle5 -4)
srarm1:: (rae1 1.43921e-07)
s10::Rleg4 (rle4 0)
-----------------------------------time:1.08
------------------------------------
do not fall down
KickOffstart::1
shootcounter:::::::55
slarm1::(lae1 1.43921e-07)
s3::Lleg3 (lle3 0.00351667)
s4::Lleg4 (lle4 -0.00315905)
s5::Lleg5 (lle5 -4)
srarm1:: (rae1 1.43921e-07)
s10::Rleg4 (rle4 0.000342727)
-----------------------------------time:1.1
------------------------------------
do not fall down
KickOffstart::1
shootcounter:::::::56
slarm1::(lae1 1.43921e-07)
s3::Lleg3 (lle3 0)
s4::Lleg4 (lle4 0)
s5::Lleg5 (lle5 -4)
srarm1:: (rae1 1.43921e-07)
s10::Rleg4 (rle4 0)
-----------------------------------time:1.12
------------------------------------
do not fall down
KickOffstart::1
shootcounter:::::::57
slarm1::(lae1 1.43921e-07)
s3::Lleg3 (lle3 -0.00520945)
s4::Lleg4 (lle4 -0.00315905)
s5::Lleg5 (lle5 0)
srarm1:: (rae1 1.43921e-07)
s10::Rleg4 (rle4 0.000342727)
-----------------------------------time:1.14
------------------------------------
do not fall down
KickOffstart::1
shootcounter:::::::58
slarm1::(lae1 1.43921e-07)
s3::Lleg3 (lle3 0)
s4::Lleg4 (lle4 0)
s5::Lleg5 (lle5 0)
srarm1:: (rae1 1.43921e-07)
s10::Rleg4 (rle4 0)
-----------------------------------time:1.16
------------------------------------
do not fall down
KickOffstart::1
shootcounter:::::::59
slarm1::(lae1 1.43921e-07)
s3::Lleg3 (lle3 0.00351667)
s4::Lleg4 (lle4 0.00556707)
s5::Lleg5 (lle5 0)
srarm1:: (rae1 1.43921e-07)
s10::Rleg4 (rle4 0.000342727)
-----------------------------------time:1.18
------------------------------------
do not fall down
KickOffstart::1
shootcounter:::::::60
slarm1::(lae1 1.43921e-07)
s3::Lleg3 (lle3 0)
s4::Lleg4 (lle4 0)
s5::Lleg5 (lle5 0)
srarm1:: (rae1 1.43921e-07)
s10::Rleg4 (rle4 0)
-----------------------------------time:1.2
------------------------------------
do not fall down
KickOffstart::1
shootcounter:::::::61
slarm1::(lae1 -7)
s3::Lleg3 (lle3 7)
s4::Lleg4 (lle4 7)
s5::Lleg5 (lle5 3)
srarm1:: (rae1 -7)
s10::Rleg4 (rle4 0.000342727)
-----------------------------------time:1.22
------------------------------------
do not fall down
KickOffstart::1
shootcounter:::::::62
slarm1::(lae1 -7)
s3::Lleg3 (lle3 7)
s4::Lleg4 (lle4 7)
s5::Lleg5 (lle5 3)
srarm1:: (rae1 -7)
s10::Rleg4 (rle4 0)
-----------------------------------time:1.24
------------------------------------
do not fall down
KickOffstart::1
shootcounter:::::::63
shootpxpxpxpxpxpxpxpxpx: 0.114534
slarm1::(lae1 -7)
s3::Lleg3 (lle3 7)
s4::Lleg4 (lle4 7)
s5::Lleg5 (lle5 3)
srarm1:: (rae1 -7)
s10::Rleg4 (rle4 -2.9)
-----------------------------------time:1.26
------------------------------------
do not fall down
KickOffstart::1
shootcounter:::::::64
shootpxpxpxpxpxpxpxpxpx: 0.231367
slarm1::(lae1 -7)
s3::Lleg3 (lle3 7)
s4::Lleg4 (lle4 7)
s5::Lleg5 (lle5 3)
srarm1:: (rae1 -7)
s10::Rleg4 (rle4 -2.9)
-----------------------------------time:1.28
------------------------------------
do not fall down
KickOffstart::1
shootcounter:::::::65
shootpxpxpxpxpxpxpxpxpx: 0.352499
slarm1::(lae1 -7)
s3::Lleg3 (lle3 7)
s4::Lleg4 (lle4 7)
s5::Lleg5 (lle5 3)
srarm1:: (rae1 -7)
s10::Rleg4 (rle4 -2.9)
-----------------------------------time:1.3
------------------------------------
-----------------------------------time:1.32
------------------------------------
-----------------------------------time:1.34
------------------------------------
-----------------------------------time:1.36
------------------------------------
-----------------------------------time:1.38
------------------------------------
-----------------------------------time:1.4
------------------------------------
-----------------------------------time:1.42
------------------------------------
-----------------------------------time:1.44
------------------------------------
-----------------------------------time:1.46
------------------------------------
-----------------------------------time:1.48
------------------------------------
-----------------------------------time:1.5
------------------------------------
-----------------------------------time:1.52
------------------------------------
-----------------------------------time:1.54
------------------------------------
-----------------------------------time:1.56
------------------------------------
-----------------------------------time:1.58
------------------------------------
-----------------------------------time:1.6
------------------------------------
-----------------------------------time:1.62
------------------------------------
-----------------------------------time:1.64
------------------------------------
-----------------------------------time:1.66
------------------------------------
-----------------------------------time:1.68
------------------------------------
-----------------------------------time:1.7
------------------------------------
-----------------------------------time:1.72
------------------------------------
-----------------------------------time:1.74
------------------------------------
-----------------------------------time:1.76
------------------------------------
-----------------------------------time:1.78
------------------------------------
-----------------------------------time:1.8
------------------------------------
trun to destination for Defense
-----------------------------------time:1.82
------------------------------------
trun to destination for Defense
-----------------------------------time:1.84
------------------------------------
-----------------------------------time:1.86
------------------------------------
-----------------------------------time:1.88
------------------------------------
-----------------------------------time:1.9
------------------------------------
-----------------------------------time:1.92
------------------------------------
-----------------------------------time:1.94
------------------------------------
-----------------------------------time:1.96
------------------------------------
-----------------------------------time:1.98
------------------------------------
-----------------------------------time:2
------------------------------------
-----------------------------------time:2.02
------------------------------------
-----------------------------------time:2.04
------------------------------------
-----------------------------------time:2.06
------------------------------------
-----------------------------------time:2.08
------------------------------------
-----------------------------------time:2.1
------------------------------------
-----------------------------------time:2.12
------------------------------------
-----------------------------------time:2.14
------------------------------------
-----------------------------------time:2.16
------------------------------------
-----------------------------------time:2.18
------------------------------------
-----------------------------------time:2.2
------------------------------------
-----------------------------------time:2.22
------------------------------------
-----------------------------------time:2.24
------------------------------------
-----------------------------------time:2.26
------------------------------------
-----------------------------------time:2.28
------------------------------------
-----------------------------------time:2.3
------------------------------------
-----------------------------------time:2.32
------------------------------------
-----------------------------------time:2.34
------------------------------------
-----------------------------------time:2.36
------------------------------------
-----------------------------------time:2.38
------------------------------------
-----------------------------------time:2.4
------------------------------------
-----------------------------------time:2.42
------------------------------------
-----------------------------------time:2.44
------------------------------------
-----------------------------------time:2.46
------------------------------------
-----------------------------------time:2.48
------------------------------------
-----------------------------------time:2.5
------------------------------------
-----------------------------------time:2.52
------------------------------------
-----------------------------------time:2.54
------------------------------------
-----------------------------------time:2.56
------------------------------------
-----------------------------------time:2.58
------------------------------------
-----------------------------------time:2.6
------------------------------------
-----------------------------------time:2.62
------------------------------------
-----------------------------------time:2.64
------------------------------------
-----------------------------------time:2.66
------------------------------------
-----------------------------------time:2.68
------------------------------------
-----------------------------------time:2.7
------------------------------------
-----------------------------------time:2.72
------------------------------------
-----------------------------------time:2.74
------------------------------------
-----------------------------------time:2.76
------------------------------------
-----------------------------------time:2.78
------------------------------------
-----------------------------------time:2.8
------------------------------------
-----------------------------------time:2.82
------------------------------------
-----------------------------------time:2.84
------------------------------------
-----------------------------------time:2.86
------------------------------------
-----------------------------------time:2.88
------------------------------------
-----------------------------------time:2.9
------------------------------------
-----------------------------------time:2.92
------------------------------------
-----------------------------------time:2.94
------------------------------------
-----------------------------------time:2.96
------------------------------------
-----------------------------------time:2.98
------------------------------------
-----------------------------------time:3
------------------------------------
-----------------------------------time:3.02
------------------------------------
-----------------------------------time:3.04
------------------------------------
-----------------------------------time:3.06
------------------------------------
-----------------------------------time:3.08
------------------------------------
-----------------------------------time:3.1
------------------------------------
-----------------------------------time:3.12
------------------------------------
-----------------------------------time:3.14
------------------------------------
-----------------------------------time:3.16
------------------------------------
-----------------------------------time:3.18
------------------------------------
-----------------------------------time:3.2
------------------------------------
-----------------------------------time:3.22
------------------------------------
-----------------------------------time:3.24
------------------------------------
-----------------------------------time:3.26
------------------------------------
-----------------------------------time:3.28
------------------------------------
-----------------------------------time:3.3
------------------------------------
-----------------------------------time:3.32
------------------------------------
-----------------------------------time:3.34
------------------------------------
-----------------------------------time:3.36
------------------------------------
-----------------------------------time:3.38
------------------------------------
-----------------------------------time:3.4
------------------------------------
-----------------------------------time:3.42
------------------------------------
-----------------------------------time:3.44
------------------------------------
-----------------------------------time:3.46
------------------------------------
-----------------------------------time:3.48
------------------------------------
-----------------------------------time:3.5
------------------------------------
-----------------------------------time:3.52
------------------------------------
-----------------------------------time:3.54
------------------------------------
-----------------------------------time:3.56
------------------------------------
-----------------------------------time:3.58
------------------------------------
-----------------------------------time:3.6
------------------------------------
-----------------------------------time:3.62
------------------------------------
-----------------------------------time:3.64
------------------------------------
-----------------------------------time:3.66
------------------------------------
-----------------------------------time:3.68
------------------------------------
-----------------------------------time:3.7
------------------------------------
-----------------------------------time:3.72
------------------------------------
-----------------------------------time:3.74
------------------------------------
-----------------------------------time:3.76
------------------------------------
-----------------------------------time:3.78
------------------------------------
-----------------------------------time:3.8
------------------------------------
-----------------------------------time:3.82
------------------------------------
-----------------------------------time:3.84
------------------------------------
-----------------------------------time:3.86
------------------------------------
-----------------------------------time:3.88
------------------------------------
-----------------------------------time:3.9
------------------------------------
-----------------------------------time:3.92
------------------------------------
-----------------------------------time:3.94
------------------------------------
-----------------------------------time:3.96
------------------------------------
-----------------------------------time:3.98
------------------------------------
-----------------------------------time:4
------------------------------------
-----------------------------------time:4.02
------------------------------------
-----------------------------------time:4.04
------------------------------------
-----------------------------------time:4.06
------------------------------------
-----------------------------------time:4.08
------------------------------------
-----------------------------------time:4.1
------------------------------------
-----------------------------------time:4.12
------------------------------------
-----------------------------------time:4.14
------------------------------------
-----------------------------------time:4.16
------------------------------------
-----------------------------------time:4.18
------------------------------------
-----------------------------------time:4.2
------------------------------------
-----------------------------------time:4.22
------------------------------------
-----------------------------------time:4.24
------------------------------------
-----------------------------------time:4.26
------------------------------------
-----------------------------------time:4.28
------------------------------------
-----------------------------------time:4.3
------------------------------------
-----------------------------------time:4.32
------------------------------------
-----------------------------------time:4.34
------------------------------------
-----------------------------------time:4.36
------------------------------------
-----------------------------------time:4.38
------------------------------------
-----------------------------------time:4.4
------------------------------------
-----------------------------------time:4.42
------------------------------------
-----------------------------------time:4.44
------------------------------------
-----------------------------------time:4.46
------------------------------------
-----------------------------------time:4.48
------------------------------------
-----------------------------------time:4.5
------------------------------------
-----------------------------------time:4.52
------------------------------------
-----------------------------------time:4.54
------------------------------------
-----------------------------------time:4.56
------------------------------------
-----------------------------------time:4.58
------------------------------------
-----------------------------------time:4.6
------------------------------------
-----------------------------------time:4.62
------------------------------------
-----------------------------------time:4.64
------------------------------------
-----------------------------------time:4.66
------------------------------------
-----------------------------------time:4.68
------------------------------------
-----------------------------------time:4.7
------------------------------------
-----------------------------------time:4.72
------------------------------------
-----------------------------------time:4.74
------------------------------------
-----------------------------------time:4.76
------------------------------------
-----------------------------------time:4.78
------------------------------------
-----------------------------------time:4.8
------------------------------------
-----------------------------------time:4.82
------------------------------------
-----------------------------------time:4.84
------------------------------------
-----------------------------------time:4.86
------------------------------------
-----------------------------------time:4.88
------------------------------------
-----------------------------------time:4.9
------------------------------------
-----------------------------------time:4.92
------------------------------------
-----------------------------------time:4.94
------------------------------------
-----------------------------------time:4.96
------------------------------------
-----------------------------------time:4.98
------------------------------------
-----------------------------------time:5
------------------------------------
-----------------------------------time:5.02
------------------------------------
-----------------------------------time:5.04
------------------------------------
-----------------------------------time:5.06
------------------------------------
-----------------------------------time:5.08
------------------------------------
-----------------------------------time:5.1
------------------------------------
-----------------------------------time:5.12
------------------------------------
-----------------------------------time:5.14
------------------------------------
-----------------------------------time:5.16
------------------------------------
-----------------------------------time:5.18
------------------------------------
-----------------------------------time:5.2
------------------------------------
-----------------------------------time:5.22
------------------------------------
-----------------------------------time:5.24
------------------------------------
-----------------------------------time:5.26
------------------------------------
-----------------------------------time:5.28
------------------------------------
-----------------------------------time:5.3
------------------------------------
-----------------------------------time:5.32
------------------------------------
-----------------------------------time:5.34
------------------------------------
-----------------------------------time:5.36
------------------------------------
-----------------------------------time:5.38
------------------------------------
-----------------------------------time:5.4
------------------------------------
-----------------------------------time:5.42
------------------------------------
-----------------------------------time:5.44
------------------------------------
-----------------------------------time:5.46
------------------------------------
-----------------------------------time:5.48
------------------------------------
-----------------------------------time:5.5
------------------------------------
-----------------------------------time:5.52
------------------------------------
-----------------------------------time:5.54
------------------------------------
-----------------------------------time:5.56
------------------------------------
-----------------------------------time:5.58
------------------------------------
-----------------------------------time:5.6
------------------------------------
-----------------------------------time:5.62
------------------------------------
-----------------------------------time:5.64
------------------------------------
-----------------------------------time:5.66
------------------------------------
-----------------------------------time:5.68
------------------------------------
-----------------------------------time:5.7
------------------------------------
-----------------------------------time:5.72
------------------------------------
-----------------------------------time:5.74
------------------------------------
-----------------------------------time:5.76
------------------------------------
-----------------------------------time:5.78
------------------------------------
-----------------------------------time:5.8
------------------------------------
-----------------------------------time:5.82
------------------------------------
-----------------------------------time:5.84
------------------------------------
-----------------------------------time:5.86
------------------------------------
-----------------------------------time:5.88
------------------------------------
-----------------------------------time:5.9
------------------------------------
-----------------------------------time:5.92
------------------------------------
-----------------------------------time:5.94
------------------------------------
-----------------------------------time:5.96
------------------------------------
-----------------------------------time:5.98
------------------------------------
-----------------------------------time:6
------------------------------------
-----------------------------------time:6.02
------------------------------------
-----------------------------------time:6.04
------------------------------------
-----------------------------------time:6.06
------------------------------------
-----------------------------------time:6.08
------------------------------------
-----------------------------------time:6.1
------------------------------------
-----------------------------------time:6.12
------------------------------------
-----------------------------------time:6.14
------------------------------------
-----------------------------------time:6.16
------------------------------------
-----------------------------------time:6.18
------------------------------------
-----------------------------------time:6.2
------------------------------------
-----------------------------------time:6.22
------------------------------------
-----------------------------------time:6.24
------------------------------------
-----------------------------------time:6.26
------------------------------------
-----------------------------------time:6.28
------------------------------------
-----------------------------------time:6.3
------------------------------------
-----------------------------------time:6.32
------------------------------------
-----------------------------------time:6.34
------------------------------------
-----------------------------------time:6.36
------------------------------------
-----------------------------------time:6.38
------------------------------------
-----------------------------------time:6.4
------------------------------------
-----------------------------------time:6.42
------------------------------------
-----------------------------------time:6.44
------------------------------------
-----------------------------------time:6.46
------------------------------------
-----------------------------------time:6.48
------------------------------------
-----------------------------------time:6.5
------------------------------------
-----------------------------------time:6.52
------------------------------------
-----------------------------------time:6.54
------------------------------------
-----------------------------------time:6.56
------------------------------------
-----------------------------------time:6.58
------------------------------------
-----------------------------------time:6.6
------------------------------------
-----------------------------------time:6.62
------------------------------------
-----------------------------------time:6.64
------------------------------------
-----------------------------------time:6.66
------------------------------------
-----------------------------------time:6.68
------------------------------------
-----------------------------------time:6.7
------------------------------------
-----------------------------------time:6.72
------------------------------------
-----------------------------------time:6.74
------------------------------------
-----------------------------------time:6.76
------------------------------------
-----------------------------------time:6.78
------------------------------------
-----------------------------------time:6.8
------------------------------------
-----------------------------------time:6.82
------------------------------------
-----------------------------------time:6.84
------------------------------------
-----------------------------------time:6.86
------------------------------------
-----------------------------------time:6.88
------------------------------------
-----------------------------------time:6.9
------------------------------------
-----------------------------------time:6.92
------------------------------------
-----------------------------------time:6.94
------------------------------------
-----------------------------------time:6.96
------------------------------------
-----------------------------------time:6.98
------------------------------------
-----------------------------------time:7
------------------------------------
-----------------------------------time:7.02
------------------------------------
-----------------------------------time:7.04
------------------------------------
-----------------------------------time:7.06
------------------------------------
-----------------------------------time:7.08
------------------------------------
-----------------------------------time:7.1
------------------------------------
-----------------------------------time:7.12
------------------------------------
-----------------------------------time:7.14
------------------------------------
-----------------------------------time:7.16
------------------------------------
-----------------------------------time:7.18
------------------------------------
-----------------------------------time:7.2
------------------------------------
-----------------------------------time:7.22
------------------------------------
-----------------------------------time:7.24
------------------------------------
-----------------------------------time:7.26
------------------------------------
-----------------------------------time:7.28
------------------------------------
-----------------------------------time:7.3
------------------------------------
-----------------------------------time:7.32
------------------------------------
-----------------------------------time:7.34
------------------------------------
-----------------------------------time:7.36
------------------------------------
-----------------------------------time:7.38
------------------------------------
-----------------------------------time:7.4
------------------------------------
-----------------------------------time:7.42
------------------------------------
-----------------------------------time:7.44
------------------------------------
-----------------------------------time:7.46
------------------------------------
-----------------------------------time:7.48
------------------------------------
-----------------------------------time:7.5
------------------------------------
-----------------------------------time:7.52
------------------------------------
-----------------------------------time:7.54
------------------------------------
-----------------------------------time:7.56
------------------------------------
-----------------------------------time:7.58
------------------------------------
-----------------------------------time:7.6
------------------------------------
-----------------------------------time:7.62
------------------------------------
-----------------------------------time:7.64
------------------------------------
-----------------------------------time:7.66
------------------------------------
-----------------------------------time:7.68
------------------------------------
-----------------------------------time:7.7
------------------------------------
-----------------------------------time:7.72
------------------------------------
-----------------------------------time:7.74
------------------------------------
-----------------------------------time:7.76
------------------------------------
-----------------------------------time:7.78
------------------------------------
-----------------------------------time:7.8
------------------------------------
-----------------------------------time:7.82
------------------------------------
-----------------------------------time:7.84
------------------------------------
-----------------------------------time:7.86
------------------------------------
-----------------------------------time:7.88
------------------------------------
-----------------------------------time:7.9
------------------------------------
-----------------------------------time:7.92
------------------------------------
-----------------------------------time:7.94
------------------------------------
-----------------------------------time:7.96
------------------------------------
-----------------------------------time:7.98
------------------------------------
-----------------------------------time:8
------------------------------------
-----------------------------------time:8.02
------------------------------------
-----------------------------------time:8.04
------------------------------------
-----------------------------------time:8.06
------------------------------------
-----------------------------------time:8.08
------------------------------------
-----------------------------------time:8.1
------------------------------------
-----------------------------------time:8.12
------------------------------------
-----------------------------------time:8.14
------------------------------------
-----------------------------------time:8.16
------------------------------------
-----------------------------------time:8.18
------------------------------------
-----------------------------------time:8.2
------------------------------------
-----------------------------------time:8.22
------------------------------------
-----------------------------------time:8.24
------------------------------------
-----------------------------------time:8.26
